<?xml version="1.0" encoding="UTF-8"?>
<!-- Generated by org.testng.reporters.JUnitXMLReporter -->
<testsuite ignored="0" hostname="Qcentris-396" failures="0" tests="3" name="Default test" time="18.721" errors="0" timestamp="2025-01-09T15:15:38 EET">
  <testcase classname="tests.PriceLowtoHighTest" name="verifyPriceLowToHighSorting" time="5.589"/>
  <testcase classname="tests.PriceLowtoHighTest" name="verifyPriceLowToHighSorting" time="4.802"/>
  <testcase classname="tests.PriceLowtoHighTest" name="verifyPriceLowToHighSorting" time="4.818"/>
</testsuite> <!-- Default test -->
