<?xml version="1.0" encoding="UTF-8"?>
<!-- Generated by org.testng.reporters.JUnitXMLReporter -->
<testsuite ignored="0" hostname="Qcentris-396" failures="0" tests="3" name="SubmitOrderTest" time="7.24" errors="0" timestamp="2025-01-05T11:50:14 EET">
  <testcase classname="tests.SubmitOrderTest" name="submitOrderTest" time="1.14"/>
  <testcase classname="tests.SubmitOrderTest" name="submitOrderTest" time="0.888"/>
  <testcase classname="tests.SubmitOrderTest" name="submitOrderTest" time="1.231"/>
</testsuite> <!-- SubmitOrderTest -->
