<?xml version="1.0" encoding="UTF-8"?>
<!-- Generated by org.testng.reporters.JUnitXMLReporter -->
<testsuite ignored="0" hostname="Qcentris-396" failures="0" tests="3" name="SubmitOrderTest" time="11.333" errors="0" timestamp="2025-01-03T17:50:07 EET">
  <testcase classname="tests.SubmitOrderTest" name="submitOrderTest" time="1.144"/>
  <testcase classname="tests.SubmitOrderTest" name="submitOrderTest" time="0.881"/>
  <testcase classname="tests.SubmitOrderTest" name="submitOrderTest" time="0.952"/>
</testsuite> <!-- SubmitOrderTest -->
