<?xml version="1.0" encoding="UTF-8"?>
<!-- Generated by org.testng.reporters.JUnitXMLReporter -->
<testsuite ignored="6" hostname="Qcentris-396" failures="0" tests="5" name="CartPage" time="8.0" errors="0" timestamp="2025-01-09T15:20:23 EET">
  <testcase classname="tests.LandingPageTest" name="testLoginLandingPage" time="1.365"/>
  <testcase classname="tests.LandingPageTest" name="testLoginLandingPage" time="0.389"/>
  <testcase classname="tests.LandingPageTest" name="testLoginLandingPage" time="0.375"/>
  <testcase classname="tests.ProductCatalogueTest" name="testAddItemsLessThanTenDollarsToCart" time="0.864"/>
  <testcase classname="tests.CartPageTest" name="clickTest" time="0.251"/>
  <testcase classname="tests.BaseTest" name="@BeforeTest initialize" time="0.0">
    <ignored/>
  </testcase> <!-- @BeforeTest initialize -->
  <testcase classname="tests.BaseTest" name="@BeforeTest initialize" time="0.0">
    <ignored/>
  </testcase> <!-- @BeforeTest initialize -->
  <testcase classname="tests.BaseTest" name="@BeforeSuite setupEnvironment" time="0.0">
    <ignored/>
  </testcase> <!-- @BeforeSuite setupEnvironment -->
  <testcase classname="tests.BaseTest" name="@BeforeSuite setupEnvironment" time="0.0">
    <ignored/>
  </testcase> <!-- @BeforeSuite setupEnvironment -->
  <testcase classname="tests.BaseTest" name="@AfterTest tearDown" time="0.0">
    <ignored/>
  </testcase> <!-- @AfterTest tearDown -->
  <testcase classname="tests.BaseTest" name="@AfterTest tearDown" time="0.0">
    <ignored/>
  </testcase> <!-- @AfterTest tearDown -->
</testsuite> <!-- CartPage -->
