<?xml version="1.0" encoding="UTF-8"?>
<!-- Generated by org.testng.reporters.JUnitXMLReporter -->
<testsuite ignored="2" hostname="Qcentris-396" failures="1" tests="1" name="CheckoutTests" time="0.146" errors="0" timestamp="2024-12-10T15:22:06 EET">
  <testcase classname="tests.CheckoutPageTest" name="goToCheckoutOverview" time="0.063">
    <failure type="java.lang.NullPointerException" message="Cannot invoke &amp;quot;procedures.CheckoutPageProcedures.fillOutDataUser(data.CheckoutPageData)&amp;quot; because &amp;quot;this.checkoutPageProcedures&amp;quot; is null">
      <![CDATA[java.lang.NullPointerException: Cannot invoke "procedures.CheckoutPageProcedures.fillOutDataUser(data.CheckoutPageData)" because "this.checkoutPageProcedures" is null
at tests.CheckoutPageTest.goToCheckoutOverview(CheckoutPageTest.java:24)
at java.base/java.util.ArrayList.forEach(ArrayList.java:1596)
... Removed 25 stack frames]]>
    </failure>
  </testcase> <!-- goToCheckoutOverview -->
  <testcase classname="tests.ProductCatalogueTest" name="testAddItemsLessThanTenDollarsToCart" time="0.0">
    <ignored/>
  </testcase> <!-- testAddItemsLessThanTenDollarsToCart -->
  <testcase classname="tests.CartPageTest" name="proceedToCheckout" time="0.0">
    <ignored/>
  </testcase> <!-- proceedToCheckout -->
</testsuite> <!-- CheckoutTests -->
