<?xml version="1.0" encoding="UTF-8"?>
<!-- Generated by org.testng.reporters.JUnitXMLReporter -->
<testsuite ignored="6" hostname="Qcentris-396" failures="0" tests="4" name="CheckoutPage" time="8.069" errors="0" timestamp="2024-12-19T15:16:27 EET">
  <testcase classname="tests.LandingPageTest" name="testLoginLandingPage" time="0.696"/>
  <testcase classname="tests.ProductCatalogueTest" name="testAddItemsLessThanTenDollarsToCart" time="0.511"/>
  <testcase classname="tests.CartPageTest" name="clickTest" time="0.152"/>
  <testcase classname="tests.CheckoutPageTest" name="goToCheckoutOverView" time="0.712"/>
  <testcase classname="utils.BaseTest" name="@AfterTest tearDown" time="0.0">
    <ignored/>
  </testcase> <!-- @AfterTest tearDown -->
  <testcase classname="utils.BaseTest" name="@AfterTest tearDown" time="0.0">
    <ignored/>
  </testcase> <!-- @AfterTest tearDown -->
  <testcase classname="utils.BaseTest" name="@AfterTest tearDown" time="0.0">
    <ignored/>
  </testcase> <!-- @AfterTest tearDown -->
  <testcase classname="utils.BaseTest" name="@BeforeTest initialize" time="0.0">
    <ignored/>
  </testcase> <!-- @BeforeTest initialize -->
  <testcase classname="utils.BaseTest" name="@BeforeTest initialize" time="0.0">
    <ignored/>
  </testcase> <!-- @BeforeTest initialize -->
  <testcase classname="utils.BaseTest" name="@BeforeTest initialize" time="0.0">
    <ignored/>
  </testcase> <!-- @BeforeTest initialize -->
</testsuite> <!-- CheckoutPage -->
