<?xml version="1.0" encoding="UTF-8"?>
<!-- Generated by org.testng.reporters.JUnitXMLReporter -->
<testsuite ignored="8" hostname="Qcentris-396" failures="0" tests="5" name="CheckoutOverview" time="8.715" errors="0" timestamp="2024-12-19T15:16:28 EET">
  <testcase classname="tests.LandingPageTest" name="testLoginLandingPage" time="0.698"/>
  <testcase classname="tests.ProductCatalogueTest" name="testAddItemsLessThanTenDollarsToCart" time="0.914"/>
  <testcase classname="tests.CartPageTest" name="clickTest" time="0.163"/>
  <testcase classname="tests.CheckoutPageTest" name="goToCheckoutOverView" time="0.487"/>
  <testcase classname="tests.CheckoutOverviewTest" name="gotToCompletePage" time="0.151"/>
  <testcase classname="utils.BaseTest" name="@AfterTest tearDown" time="0.0">
    <ignored/>
  </testcase> <!-- @AfterTest tearDown -->
  <testcase classname="utils.BaseTest" name="@AfterTest tearDown" time="0.0">
    <ignored/>
  </testcase> <!-- @AfterTest tearDown -->
  <testcase classname="utils.BaseTest" name="@AfterTest tearDown" time="0.0">
    <ignored/>
  </testcase> <!-- @AfterTest tearDown -->
  <testcase classname="utils.BaseTest" name="@AfterTest tearDown" time="0.0">
    <ignored/>
  </testcase> <!-- @AfterTest tearDown -->
  <testcase classname="utils.BaseTest" name="@BeforeTest initialize" time="0.0">
    <ignored/>
  </testcase> <!-- @BeforeTest initialize -->
  <testcase classname="utils.BaseTest" name="@BeforeTest initialize" time="0.0">
    <ignored/>
  </testcase> <!-- @BeforeTest initialize -->
  <testcase classname="utils.BaseTest" name="@BeforeTest initialize" time="0.0">
    <ignored/>
  </testcase> <!-- @BeforeTest initialize -->
  <testcase classname="utils.BaseTest" name="@BeforeTest initialize" time="0.0">
    <ignored/>
  </testcase> <!-- @BeforeTest initialize -->
</testsuite> <!-- CheckoutOverview -->
