<?xml version="1.0" encoding="UTF-8"?>
<!-- Generated by org.testng.reporters.JUnitXMLReporter -->
<testsuite ignored="0" hostname="Qcentris-396" failures="1" tests="2" name="ErrorValidationTest" time="9.382" errors="0" timestamp="2024-12-18T13:21:33 EET">
  <testcase classname="tests.ErrorValidationTest" name="testInvalidLoginLandingPage" time="0.781">
    <skipped/>
  </testcase> <!-- testInvalidLoginLandingPage -->
  <testcase classname="tests.ErrorValidationTest" name="testInvalidLoginLandingPage" time="0.489">
    <failure type="java.lang.AssertionError" message="expected [Password is required] but found [Epic sadface: Password is required]">
      <![CDATA[java.lang.AssertionError: expected [Password is required] but found [Epic sadface: Password is required]
at tests.ErrorValidationTest.testInvalidLoginLandingPage(ErrorValidationTest.java:39)
at java.base/java.util.ArrayList.forEach(ArrayList.java:1596)
at java.base/java.util.concurrent.FutureTask.run(FutureTask.java:317)
at java.base/java.util.concurrent.ThreadPoolExecutor.runWorker(ThreadPoolExecutor.java:1144)
at java.base/java.util.concurrent.ThreadPoolExecutor$Worker.run(ThreadPoolExecutor.java:642)
at java.base/java.lang.Thread.run(Thread.java:1583)
... Removed 22 stack frames]]>
    </failure>
  </testcase> <!-- testInvalidLoginLandingPage -->
</testsuite> <!-- ErrorValidationTest -->
