<?xml version="1.0" encoding="UTF-8"?>
<!-- Generated by org.testng.reporters.JUnitXMLReporter -->
<testsuite ignored="0" hostname="Qcentris-396" failures="0" tests="3" name="LandingPage" time="8.793" errors="0" timestamp="2025-01-09T15:20:24 EET">
  <testcase classname="tests.LandingPageTest" name="testLoginLandingPage" time="0.658"/>
  <testcase classname="tests.LandingPageTest" name="testLoginLandingPage" time="0.621"/>
  <testcase classname="tests.LandingPageTest" name="testLoginLandingPage" time="0.379"/>
</testsuite> <!-- LandingPage -->
