<?xml version="1.0" encoding="UTF-8"?>
<!-- Generated by org.testng.reporters.JUnitXMLReporter -->
<testsuite ignored="0" hostname="Qcentris-396" failures="0" tests="3" name="LandingPage" time="9.789" errors="0" timestamp="2025-01-14T15:31:10 EET">
  <testcase classname="tests.LandingPageTest" name="testLoginLandingPage" time="0.911"/>
  <testcase classname="tests.LandingPageTest" name="testLoginLandingPage" time="0.55"/>
  <testcase classname="tests.LandingPageTest" name="testLoginLandingPage" time="0.753"/>
</testsuite> <!-- LandingPage -->
