<?xml version="1.0" encoding="UTF-8"?>
<!-- Generated by org.testng.reporters.JUnitXMLReporter -->
<testsuite ignored="10" hostname="Qcentris-396" failures="0" tests="6" name="MainTestSuite" time="9.796" errors="0" timestamp="2024-12-30T01:26:47 EET">
  <testcase classname="tests.LandingPageTest" name="testLoginLandingPage" time="0.39"/>
  <testcase classname="tests.ProductCatalogueTest" name="testAddItemsLessThanTenDollarsToCart" time="0.386"/>
  <testcase classname="tests.CartPageTest" name="clickTest" time="0.096"/>
  <testcase classname="tests.CheckoutPageTest" name="goToCheckoutOverView" time="0.336"/>
  <testcase classname="tests.CheckoutOverviewTest" name="gotToCompletePage" time="0.099"/>
  <testcase classname="tests.CompletePageTest" name="verifiedConfirmationText" time="0.041"/>
  <testcase classname="tests.BaseTest" name="@BeforeTest initialize" time="0.0">
    <ignored/>
  </testcase> <!-- @BeforeTest initialize -->
  <testcase classname="tests.BaseTest" name="@BeforeTest initialize" time="0.0">
    <ignored/>
  </testcase> <!-- @BeforeTest initialize -->
  <testcase classname="tests.BaseTest" name="@BeforeTest initialize" time="0.0">
    <ignored/>
  </testcase> <!-- @BeforeTest initialize -->
  <testcase classname="tests.BaseTest" name="@BeforeTest initialize" time="0.0">
    <ignored/>
  </testcase> <!-- @BeforeTest initialize -->
  <testcase classname="tests.BaseTest" name="@BeforeTest initialize" time="0.0">
    <ignored/>
  </testcase> <!-- @BeforeTest initialize -->
  <testcase classname="tests.BaseTest" name="@AfterTest tearDown" time="0.0">
    <ignored/>
  </testcase> <!-- @AfterTest tearDown -->
  <testcase classname="tests.BaseTest" name="@AfterTest tearDown" time="0.0">
    <ignored/>
  </testcase> <!-- @AfterTest tearDown -->
  <testcase classname="tests.BaseTest" name="@AfterTest tearDown" time="0.0">
    <ignored/>
  </testcase> <!-- @AfterTest tearDown -->
  <testcase classname="tests.BaseTest" name="@AfterTest tearDown" time="0.0">
    <ignored/>
  </testcase> <!-- @AfterTest tearDown -->
  <testcase classname="tests.BaseTest" name="@AfterTest tearDown" time="0.0">
    <ignored/>
  </testcase> <!-- @AfterTest tearDown -->
</testsuite> <!-- MainTestSuite -->
