<?xml version="1.0" encoding="UTF-8"?>
<!-- Generated by org.testng.reporters.JUnitXMLReporter -->
<testsuite ignored="2" hostname="Qcentris-396" failures="0" tests="2" name="ProductCatalogue" time="8.403" errors="0" timestamp="2024-12-19T15:16:22 EET">
  <testcase classname="tests.LandingPageTest" name="testLoginLandingPage" time="0.336"/>
  <testcase classname="tests.ProductCatalogueTest" name="testAddItemsLessThanTenDollarsToCart" time="0.321"/>
  <testcase classname="utils.BaseTest" name="@AfterTest tearDown" time="0.0">
    <ignored/>
  </testcase> <!-- @AfterTest tearDown -->
  <testcase classname="utils.BaseTest" name="@BeforeTest initialize" time="0.0">
    <ignored/>
  </testcase> <!-- @BeforeTest initialize -->
</testsuite> <!-- ProductCatalogue -->
