<?xml version="1.0" encoding="UTF-8"?>
<!-- Generated by org.testng.reporters.JUnitXMLReporter -->
<testsuite ignored="3" hostname="Qcentris-396" failures="0" tests="4" name="ProductCatalogue" time="7.54" errors="0" timestamp="2025-01-14T15:31:08 EET">
  <testcase classname="tests.LandingPageTest" name="testLoginLandingPage" time="1.061"/>
  <testcase classname="tests.LandingPageTest" name="testLoginLandingPage" time="0.347"/>
  <testcase classname="tests.LandingPageTest" name="testLoginLandingPage" time="0.46"/>
  <testcase classname="tests.ProductCatalogueTest" name="testAddItemsLessThanTenDollarsToCart" time="0.634"/>
  <testcase classname="tests.BaseTest" name="@BeforeTest initialize" time="0.0">
    <ignored/>
  </testcase> <!-- @BeforeTest initialize -->
  <testcase classname="tests.BaseTest" name="@BeforeSuite setupEnvironment" time="0.0">
    <ignored/>
  </testcase> <!-- @BeforeSuite setupEnvironment -->
  <testcase classname="tests.BaseTest" name="@AfterTest tearDown" time="0.0">
    <ignored/>
  </testcase> <!-- @AfterTest tearDown -->
</testsuite> <!-- ProductCatalogue -->
