<?xml version="1.0" encoding="UTF-8"?>
<!-- Generated by org.testng.reporters.JUnitXMLReporter -->
<testsuite ignored="6" hostname="Qcentris-396" failures="0" tests="0" time="0.009" errors="0" timestamp="2024-12-17T15:44:31 EET">
  <testcase classname="tests.CheckoutPageTest" name="goToCheckoutOverView" time="0.0">
    <ignored/>
  </testcase> <!-- goToCheckoutOverView -->
  <testcase classname="tests.CheckoutOverviewTest" name="gotToCheclOutOverView" time="0.0">
    <ignored/>
  </testcase> <!-- gotToCheclOutOverView -->
  <testcase classname="tests.LandingPageTest" name="testLoginLandingPage" time="0.0">
    <ignored/>
  </testcase> <!-- testLoginLandingPage -->
  <testcase classname="tests.CartPageTest" name="clickTest" time="0.0">
    <ignored/>
  </testcase> <!-- clickTest -->
  <testcase classname="tests.CompletePageTest" name="verifiedConfirmationText" time="0.0">
    <ignored/>
  </testcase> <!-- verifiedConfirmationText -->
  <testcase classname="tests.ProductCatalogueTest" name="testAddItemsLessThanTenDollarsToCart" time="0.0">
    <ignored/>
  </testcase> <!-- testAddItemsLessThanTenDollarsToCart -->
</testsuite>
