<?xml version="1.0" encoding="UTF-8"?>
<!-- Generated by org.testng.reporters.JUnitXMLReporter -->
<testsuite ignored="9" hostname="Qcentris-396" failures="0" tests="6" name="Test" time="2.116" errors="0" timestamp="2024-12-10T21:17:15 EET">
  <testcase classname="tests.LandingPageTest" name="loginTest" time="0.336"/>
  <testcase classname="tests.ProductCatalogueTest" name="testAddItemsLessThanTenDollarsToCart" time="0.324"/>
  <testcase classname="tests.CartPageTest" name="goToCheckout" time="0.081"/>
  <testcase classname="tests.CheckoutPageTest" name="goToCheckoutOverview" time="0.262"/>
  <testcase classname="tests.CheckoutOverviewTest" name="gotToCheclOutOverView" time="0.077"/>
  <testcase classname="tests.CompletePageTest" name="verifiedConfirmationText" time="0.03"/>
  <testcase classname="tests.BaseTest" name="@BeforeSuite intialize" time="0.0">
    <ignored/>
  </testcase> <!-- @BeforeSuite intialize -->
  <testcase classname="tests.BaseTest" name="@BeforeSuite intialize" time="0.0">
    <ignored/>
  </testcase> <!-- @BeforeSuite intialize -->
  <testcase classname="tests.BaseTest" name="@BeforeSuite intialize" time="0.0">
    <ignored/>
  </testcase> <!-- @BeforeSuite intialize -->
  <testcase classname="tests.BaseTest" name="@BeforeSuite intialize" time="0.0">
    <ignored/>
  </testcase> <!-- @BeforeSuite intialize -->
  <testcase classname="tests.BaseTest" name="@AfterSuite tearDown" time="0.0">
    <ignored/>
  </testcase> <!-- @AfterSuite tearDown -->
  <testcase classname="tests.BaseTest" name="@AfterSuite tearDown" time="0.0">
    <ignored/>
  </testcase> <!-- @AfterSuite tearDown -->
  <testcase classname="tests.BaseTest" name="@AfterSuite tearDown" time="0.0">
    <ignored/>
  </testcase> <!-- @AfterSuite tearDown -->
  <testcase classname="tests.BaseTest" name="@AfterSuite tearDown" time="0.0">
    <ignored/>
  </testcase> <!-- @AfterSuite tearDown -->
  <testcase classname="tests.BaseTest" name="@AfterSuite tearDown" time="0.0">
    <ignored/>
  </testcase> <!-- @AfterSuite tearDown -->
</testsuite> <!-- Test -->
