<?xml version="1.0" encoding="UTF-8"?>
<!-- Generated by org.testng.reporters.JUnitXMLReporter -->
<testsuite ignored="4" hostname="Qcentris-396" failures="0" tests="6" name="Test" time="1.988" errors="0" timestamp="2024-12-11T13:46:35 EET">
  <testcase classname="tests.LandingPageTest" name="loginTest" time="0.326"/>
  <testcase classname="tests.ProductCatalogueTest" name="testAddItemsLessThanTenDollarsToCart" time="0.291"/>
  <testcase classname="tests.CartPageTest" name="clickTest" time="0.066"/>
  <testcase classname="tests.CheckoutPageTest" name="goToCheckoutOverview" time="0.237"/>
  <testcase classname="tests.CheckoutOverviewTest" name="gotToCheclOutOverView" time="0.061"/>
  <testcase classname="tests.CompletePageTest" name="verifiedConfirmationText" time="0.025"/>
  <testcase classname="tests.BaseTest" name="@BeforeSuite intialize" time="0.0">
    <ignored/>
  </testcase> <!-- @BeforeSuite intialize -->
  <testcase classname="tests.BaseTest" name="@BeforeSuite intialize" time="0.0">
    <ignored/>
  </testcase> <!-- @BeforeSuite intialize -->
  <testcase classname="tests.BaseTest" name="@BeforeSuite intialize" time="0.0">
    <ignored/>
  </testcase> <!-- @BeforeSuite intialize -->
  <testcase classname="tests.BaseTest" name="@BeforeSuite intialize" time="0.0">
    <ignored/>
  </testcase> <!-- @BeforeSuite intialize -->
</testsuite> <!-- Test -->
