<?xml version="1.0" encoding="UTF-8"?>
<!-- Generated by org.testng.reporters.JUnitXMLReporter -->
<testsuite ignored="0" hostname="Qcentris-396" failures="0" tests="3" name="LogOutTest" time="76.725" errors="0" timestamp="2025-03-06T15:17:52 EET">
  <testcase classname="tests.LogOutTest" name="testLogOut" time="1.15"/>
  <testcase classname="tests.LogOutTest" name="testLogOut" time="1.2"/>
  <testcase classname="tests.LogOutTest" name="testLogOut" time="6.039"/>
</testsuite> <!-- LogOutTest -->
