<?xml version="1.0" encoding="UTF-8"?>
<!-- Generated by org.testng.reporters.JUnitXMLReporter -->
<testsuite ignored="0" hostname="Qcentris-396" failures="0" tests="3" name="LogOutTest" time="29.628" errors="0" timestamp="2025-01-26T13:26:09 EET">
  <testcase classname="tests.LogOutTest" name="testLoginLandingPage" time="1.248"/>
  <testcase classname="tests.LogOutTest" name="testLoginLandingPage" time="1.103"/>
  <testcase classname="tests.LogOutTest" name="testLoginLandingPage" time="1.365"/>
</testsuite> <!-- LogOutTest -->
