<?xml version="1.0" encoding="UTF-8"?>
<!-- Generated by org.testng.reporters.JUnitXMLReporter -->
<testsuite ignored="0" hostname="Qcentris-396" failures="0" tests="3" name="PriceLowtoHighTest" time="20.649" errors="0" timestamp="2025-01-09T15:19:07 EET">
  <testcase classname="tests.PriceLowtoHighTest" name="verifyPriceLowToHighSorting" time="6.949"/>
  <testcase classname="tests.PriceLowtoHighTest" name="verifyPriceLowToHighSorting" time="5.844"/>
  <testcase classname="tests.PriceLowtoHighTest" name="verifyPriceLowToHighSorting" time="4.714"/>
</testsuite> <!-- PriceLowtoHighTest -->
