<?xml version="1.0" encoding="UTF-8"?>
<!-- Generated by org.testng.reporters.JUnitXMLReporter -->
<testsuite ignored="0" hostname="Qcentris-396" failures="0" tests="3" name="PriceLowtoHighFilterationTest" time="16.96" errors="0" timestamp="2025-01-23T13:53:02 EET">
  <testcase classname="tests.PriceLowtoHighTest" name="verifyPriceLowToHighSorting" time="4.545"/>
  <testcase classname="tests.PriceLowtoHighTest" name="verifyPriceLowToHighSorting" time="1.436"/>
  <testcase classname="tests.PriceLowtoHighTest" name="verifyPriceLowToHighSorting" time="2.786"/>
</testsuite> <!-- PriceLowtoHighFilterationTest -->
