<?xml version="1.0" encoding="UTF-8"?>
<!-- Generated by org.testng.reporters.JUnitXMLReporter -->
<testsuite ignored="0" hostname="Qcentris-396" failures="0" tests="3" name="PriceLowtoHighFilterationTest" time="25.849" errors="0" timestamp="2025-02-19T22:16:46 EET">
  <testcase classname="tests.PriceLowtoHighTest" name="verifyPriceLowToHighSorting" time="7.317"/>
  <testcase classname="tests.PriceLowtoHighTest" name="verifyPriceLowToHighSorting" time="3.349"/>
  <testcase classname="tests.PriceLowtoHighTest" name="verifyPriceLowToHighSorting" time="2.042"/>
</testsuite> <!-- PriceLowtoHighFilterationTest -->
