<?xml version="1.0" encoding="UTF-8"?>
<!-- Generated by org.testng.reporters.JUnitXMLReporter -->
<testsuite ignored="0" hostname="Qcentris-396" failures="0" tests="3" name="PriceLowtoHighTest" time="22.769" errors="0" timestamp="2025-01-13T11:24:53 EET">
  <testcase classname="tests.PriceLowtoHighTest" name="verifyPriceLowToHighSorting" time="9.943"/>
  <testcase classname="tests.PriceLowtoHighTest" name="verifyPriceLowToHighSorting" time="2.559"/>
  <testcase classname="tests.PriceLowtoHighTest" name="verifyPriceLowToHighSorting" time="1.357"/>
</testsuite> <!-- PriceLowtoHighTest -->
