<?xml version="1.0" encoding="UTF-8"?>
<!-- Generated by org.testng.reporters.JUnitXMLReporter -->
<testsuite ignored="0" hostname="Qcentris-396" failures="0" tests="3" name="RemoveFromCartTest" time="33.256" errors="0" timestamp="2025-03-06T01:54:47 EET">
  <testcase classname="tests.RemoveFromCartTest" name="testRemoveFromCart" time="6.754"/>
  <testcase classname="tests.RemoveFromCartTest" name="testRemoveFromCart" time="3.19"/>
  <testcase classname="tests.RemoveFromCartTest" name="testRemoveFromCart" time="8.036"/>
</testsuite> <!-- RemoveFromCartTest -->
