<?xml version="1.0" encoding="UTF-8"?>
<!-- Generated by org.testng.reporters.JUnitXMLReporter -->
<testsuite ignored="0" hostname="Qcentris-396" failures="0" tests="3" name="RemoveFromCartTest" time="44.812" errors="0" timestamp="2025-03-06T00:51:11 EET">
  <testcase classname="tests.RemoveFromCartTest" name="testRemoveFromCart" time="13.515"/>
  <testcase classname="tests.RemoveFromCartTest" name="testRemoveFromCart" time="4.868"/>
  <testcase classname="tests.RemoveFromCartTest" name="testRemoveFromCart" time="10.117"/>
</testsuite> <!-- RemoveFromCartTest -->
