<?xml version="1.0" encoding="UTF-8"?>
<!-- Generated by org.testng.reporters.JUnitXMLReporter -->
<testsuite ignored="0" hostname="Qcentris-396" failures="0" tests="3" name="SubmitOrderTest" time="27.056" errors="0" timestamp="2025-02-19T22:16:47 EET">
  <testcase classname="tests.SubmitOrderTest" name="submitOrderTest" time="8.199"/>
  <testcase classname="tests.SubmitOrderTest" name="submitOrderTest" time="4.418"/>
  <testcase classname="tests.SubmitOrderTest" name="submitOrderTest" time="1.943"/>
</testsuite> <!-- SubmitOrderTest -->
