<?xml version="1.0" encoding="UTF-8"?>
<testng-results retried="1" ignored="0" total="5" passed="3" failed="1" skipped="0">
  <reporter-output>
  </reporter-output>
  <suite started-at="2025-01-05T17:34:56 EET" name="RegressionTest" finished-at="2025-01-05T17:35:04 EET" duration-ms="8558">
    <groups>
      <group name="ErrorValidation">
        <method signature="ErrorValidationTest.testInvalidLoginLandingPage()[pri:0, instance:tests.ErrorValidationTest@181d7f28]" name="testInvalidLoginLandingPage" class="tests.ErrorValidationTest"/>
      </group> <!-- ErrorValidation -->
    </groups>
    <test started-at="2025-01-05T17:34:56 EET" name="LoginErrorValidation" finished-at="2025-01-05T17:35:01 EET" duration-ms="5237">
      <class name="tests.ErrorValidationTest">
        <test-method is-config="true" signature="extractData()[pri:0, instance:tests.ErrorValidationTest@181d7f28]" started-at="2025-01-05T17:34:56 EET" name="extractData" finished-at="2025-01-05T17:34:56 EET" duration-ms="42" status="PASS">
          <reporter-output>
          </reporter-output>
        </test-method> <!-- extractData -->
        <test-method is-config="true" signature="initialize()[pri:0, instance:tests.ErrorValidationTest@181d7f28]" started-at="2025-01-05T17:34:56 EET" name="initialize" description="Sets up the browser instance for each test." finished-at="2025-01-05T17:34:57 EET" duration-ms="1648" status="PASS">
          <reporter-output>
          </reporter-output>
        </test-method> <!-- initialize -->
        <test-method is-config="true" signature="setUp()[pri:0, instance:tests.ErrorValidationTest@181d7f28]" started-at="2025-01-05T17:34:57 EET" name="setUp" description="Sets up the test environment by initializing configurations, launching the browser, and navigating to the base URL." finished-at="2025-01-05T17:34:58 EET" duration-ms="874" status="PASS">
          <reporter-output>
          </reporter-output>
        </test-method> <!-- setUp -->
        <test-method retried="true" signature="testInvalidLoginLandingPage()[pri:0, instance:tests.ErrorValidationTest@181d7f28]" started-at="2025-01-05T17:34:58 EET" name="testInvalidLoginLandingPage" description="Validates error message for invalid login attempts on the landing page." finished-at="2025-01-05T17:34:59 EET" duration-ms="757" status="SKIP">
          <exception class="java.lang.AssertionError">
            <full-stacktrace>
              <![CDATA[java.lang.AssertionError
at org.junit.Assert.fail(Assert.java:87)
at org.junit.Assert.assertTrue(Assert.java:42)
at org.junit.Assert.assertTrue(Assert.java:53)
at tests.ErrorValidationTest.testInvalidLoginLandingPage(ErrorValidationTest.java:60)
at java.base/jdk.internal.reflect.DirectMethodHandleAccessor.invoke(DirectMethodHandleAccessor.java:103)
at java.base/java.lang.reflect.Method.invoke(Method.java:580)
at org.testng.internal.MethodInvocationHelper.invokeMethod(MethodInvocationHelper.java:133)
at org.testng.internal.TestInvoker.invokeMethod(TestInvoker.java:598)
at org.testng.internal.TestInvoker.invokeTestMethod(TestInvoker.java:173)
at org.testng.internal.MethodRunner.runInSequence(MethodRunner.java:46)
at org.testng.internal.TestInvoker$MethodInvocationAgent.invoke(TestInvoker.java:824)
at org.testng.internal.TestInvoker.invokeTestMethods(TestInvoker.java:146)
at org.testng.internal.TestMethodWorker.invokeTestMethods(TestMethodWorker.java:146)
at org.testng.internal.TestMethodWorker.run(TestMethodWorker.java:128)
at java.base/java.util.ArrayList.forEach(ArrayList.java:1596)
at org.testng.TestRunner.privateRun(TestRunner.java:794)
at org.testng.TestRunner.run(TestRunner.java:596)
at org.testng.SuiteRunner.runTest(SuiteRunner.java:377)
at org.testng.SuiteRunner.access$000(SuiteRunner.java:28)
at org.testng.SuiteRunner$SuiteWorker.run(SuiteRunner.java:418)
at org.testng.internal.thread.ThreadUtil.lambda$execute$0(ThreadUtil.java:64)
at java.base/java.util.concurrent.FutureTask.run(FutureTask.java:317)
at java.base/java.util.concurrent.ThreadPoolExecutor.runWorker(ThreadPoolExecutor.java:1144)
at java.base/java.util.concurrent.ThreadPoolExecutor$Worker.run(ThreadPoolExecutor.java:642)
at java.base/java.lang.Thread.run(Thread.java:1583)
]]>
            </full-stacktrace>
          </exception> <!-- java.lang.AssertionError -->
          <reporter-output>
          </reporter-output>
        </test-method> <!-- testInvalidLoginLandingPage -->
        <test-method is-config="true" signature="setUp()[pri:0, instance:tests.ErrorValidationTest@181d7f28]" started-at="2025-01-05T17:34:59 EET" name="setUp" description="Sets up the test environment by initializing configurations, launching the browser, and navigating to the base URL." finished-at="2025-01-05T17:34:59 EET" duration-ms="81" status="PASS">
          <reporter-output>
          </reporter-output>
        </test-method> <!-- setUp -->
        <test-method signature="testInvalidLoginLandingPage()[pri:0, instance:tests.ErrorValidationTest@181d7f28]" started-at="2025-01-05T17:34:59 EET" name="testInvalidLoginLandingPage" description="Validates error message for invalid login attempts on the landing page." finished-at="2025-01-05T17:34:59 EET" duration-ms="322" status="FAIL">
          <exception class="java.lang.AssertionError">
            <full-stacktrace>
              <![CDATA[java.lang.AssertionError
at org.junit.Assert.fail(Assert.java:87)
at org.junit.Assert.assertTrue(Assert.java:42)
at org.junit.Assert.assertTrue(Assert.java:53)
at tests.ErrorValidationTest.testInvalidLoginLandingPage(ErrorValidationTest.java:60)
at java.base/jdk.internal.reflect.DirectMethodHandleAccessor.invoke(DirectMethodHandleAccessor.java:103)
at java.base/java.lang.reflect.Method.invoke(Method.java:580)
at org.testng.internal.MethodInvocationHelper.invokeMethod(MethodInvocationHelper.java:133)
at org.testng.internal.TestInvoker.invokeMethod(TestInvoker.java:598)
at org.testng.internal.TestInvoker.retryFailed(TestInvoker.java:213)
at org.testng.internal.MethodRunner.runInSequence(MethodRunner.java:58)
at org.testng.internal.TestInvoker$MethodInvocationAgent.invoke(TestInvoker.java:824)
at org.testng.internal.TestInvoker.invokeTestMethods(TestInvoker.java:146)
at org.testng.internal.TestMethodWorker.invokeTestMethods(TestMethodWorker.java:146)
at org.testng.internal.TestMethodWorker.run(TestMethodWorker.java:128)
at java.base/java.util.ArrayList.forEach(ArrayList.java:1596)
at org.testng.TestRunner.privateRun(TestRunner.java:794)
at org.testng.TestRunner.run(TestRunner.java:596)
at org.testng.SuiteRunner.runTest(SuiteRunner.java:377)
at org.testng.SuiteRunner.access$000(SuiteRunner.java:28)
at org.testng.SuiteRunner$SuiteWorker.run(SuiteRunner.java:418)
at org.testng.internal.thread.ThreadUtil.lambda$execute$0(ThreadUtil.java:64)
at java.base/java.util.concurrent.FutureTask.run(FutureTask.java:317)
at java.base/java.util.concurrent.ThreadPoolExecutor.runWorker(ThreadPoolExecutor.java:1144)
at java.base/java.util.concurrent.ThreadPoolExecutor$Worker.run(ThreadPoolExecutor.java:642)
at java.base/java.lang.Thread.run(Thread.java:1583)
]]>
            </full-stacktrace>
          </exception> <!-- java.lang.AssertionError -->
          <reporter-output>
          </reporter-output>
        </test-method> <!-- testInvalidLoginLandingPage -->
        <test-method is-config="true" signature="tearDown()[pri:0, instance:tests.ErrorValidationTest@181d7f28]" started-at="2025-01-05T17:34:59 EET" name="tearDown" description="Cleans up resources and quits the browser after each test." finished-at="2025-01-05T17:35:01 EET" duration-ms="1438" status="PASS">
          <reporter-output>
          </reporter-output>
        </test-method> <!-- tearDown -->
      </class> <!-- tests.ErrorValidationTest -->
    </test> <!-- LoginErrorValidation -->
    <test started-at="2025-01-05T17:34:56 EET" name="SubmitOrderTest" finished-at="2025-01-05T17:35:04 EET" duration-ms="8558">
      <class name="tests.SubmitOrderTest">
        <test-method is-config="true" signature="initialize()[pri:0, instance:tests.SubmitOrderTest@1b84f475]" started-at="2025-01-05T17:34:56 EET" name="initialize" description="Sets up the browser instance for each test." finished-at="2025-01-05T17:34:59 EET" duration-ms="3296" status="PASS">
          <reporter-output>
          </reporter-output>
        </test-method> <!-- initialize -->
        <test-method is-config="true" signature="setup()[pri:0, instance:tests.SubmitOrderTest@1b84f475]" started-at="2025-01-05T17:34:59 EET" name="setup" finished-at="2025-01-05T17:35:00 EET" duration-ms="1002" status="PASS">
          <reporter-output>
          </reporter-output>
        </test-method> <!-- setup -->
        <test-method signature="submitOrderTest(java.lang.String,java.lang.String,java.lang.String,java.lang.String,java.lang.String)[pri:0, instance:tests.SubmitOrderTest@1b84f475]" started-at="2025-01-05T17:35:00 EET" name="submitOrderTest" description="End To End Testing, adding products to the cart, completing the checkout process, filling shipping information, and verifying order confirmation." data-provider="getSubmitOrderData" finished-at="2025-01-05T17:35:01 EET" duration-ms="1101" status="PASS">
          <params>
            <param index="0">
              <value>
                <![CDATA[standard_user]]>
              </value>
            </param>
            <param index="1">
              <value>
                <![CDATA[secret_sauce]]>
              </value>
            </param>
            <param index="2">
              <value>
                <![CDATA[Mahmoud]]>
              </value>
            </param>
            <param index="3">
              <value>
                <![CDATA[Goma]]>
              </value>
            </param>
            <param index="4">
              <value>
                <![CDATA[925]]>
              </value>
            </param>
          </params>
          <reporter-output>
          </reporter-output>
        </test-method> <!-- submitOrderTest -->
        <test-method is-config="true" signature="setup()[pri:0, instance:tests.SubmitOrderTest@1b84f475]" started-at="2025-01-05T17:35:01 EET" name="setup" finished-at="2025-01-05T17:35:01 EET" duration-ms="122" status="PASS">
          <reporter-output>
          </reporter-output>
        </test-method> <!-- setup -->
        <test-method signature="submitOrderTest(java.lang.String,java.lang.String,java.lang.String,java.lang.String,java.lang.String)[pri:0, instance:tests.SubmitOrderTest@1b84f475]" started-at="2025-01-05T17:35:01 EET" name="submitOrderTest" description="End To End Testing, adding products to the cart, completing the checkout process, filling shipping information, and verifying order confirmation." data-provider="getSubmitOrderData" finished-at="2025-01-05T17:35:02 EET" duration-ms="837" status="PASS">
          <params>
            <param index="0">
              <value>
                <![CDATA[standard_user]]>
              </value>
            </param>
            <param index="1">
              <value>
                <![CDATA[secret_sauce]]>
              </value>
            </param>
            <param index="2">
              <value>
                <![CDATA[Mahmoud]]>
              </value>
            </param>
            <param index="3">
              <value>
                <![CDATA[Goma]]>
              </value>
            </param>
            <param index="4">
              <value>
                <![CDATA[925]]>
              </value>
            </param>
          </params>
          <reporter-output>
          </reporter-output>
        </test-method> <!-- submitOrderTest -->
        <test-method is-config="true" signature="setup()[pri:0, instance:tests.SubmitOrderTest@1b84f475]" started-at="2025-01-05T17:35:02 EET" name="setup" finished-at="2025-01-05T17:35:02 EET" duration-ms="94" status="PASS">
          <reporter-output>
          </reporter-output>
        </test-method> <!-- setup -->
        <test-method signature="submitOrderTest(java.lang.String,java.lang.String,java.lang.String,java.lang.String,java.lang.String)[pri:0, instance:tests.SubmitOrderTest@1b84f475]" started-at="2025-01-05T17:35:02 EET" name="submitOrderTest" description="End To End Testing, adding products to the cart, completing the checkout process, filling shipping information, and verifying order confirmation." data-provider="getSubmitOrderData" finished-at="2025-01-05T17:35:03 EET" duration-ms="818" status="PASS">
          <params>
            <param index="0">
              <value>
                <![CDATA[standard_user]]>
              </value>
            </param>
            <param index="1">
              <value>
                <![CDATA[secret_sauce]]>
              </value>
            </param>
            <param index="2">
              <value>
                <![CDATA[Mahmoud]]>
              </value>
            </param>
            <param index="3">
              <value>
                <![CDATA[Goma]]>
              </value>
            </param>
            <param index="4">
              <value>
                <![CDATA[925]]>
              </value>
            </param>
          </params>
          <reporter-output>
          </reporter-output>
        </test-method> <!-- submitOrderTest -->
        <test-method is-config="true" signature="tearDown()[pri:0, instance:tests.SubmitOrderTest@1b84f475]" started-at="2025-01-05T17:35:03 EET" name="tearDown" description="Cleans up resources and quits the browser after each test." finished-at="2025-01-05T17:35:04 EET" duration-ms="1260" status="PASS">
          <reporter-output>
          </reporter-output>
        </test-method> <!-- tearDown -->
      </class> <!-- tests.SubmitOrderTest -->
    </test> <!-- SubmitOrderTest -->
  </suite> <!-- RegressionTest -->
</testng-results>
