<?xml version="1.0" encoding="UTF-8"?>
<testng-results ignored="0" total="5" passed="4" failed="1" skipped="0">
  <reporter-output>
  </reporter-output>
  <suite started-at="2025-02-15T15:40:32 EET" name="Default suite" finished-at="2025-02-15T15:42:03 EET" duration-ms="90288">
    <groups>
      <group name="cucumber">
        <method signature="AbstractTestNGCucumberTests.runScenario(io.cucumber.testng.PickleWrapper,io.cucumber.testng.FeatureWrapper)[pri:0, instance:tests.TestNGTestRunner@43f61afb]" name="runScenario" class="io.cucumber.testng.AbstractTestNGCucumberTests"/>
      </group> <!-- cucumber -->
    </groups>
    <test started-at="2025-02-15T15:40:32 EET" name="Default test" finished-at="2025-02-15T15:42:03 EET" duration-ms="90288">
      <class name="tests.TestNGTestRunner">
        <test-method is-config="true" signature="setUpClass(org.testng.ITestContext)[pri:0, instance:tests.TestNGTestRunner@43f61afb]" started-at="2025-02-15T15:40:32 EET" name="setUpClass" finished-at="2025-02-15T15:40:34 EET" duration-ms="1434" status="PASS">
          <params>
            <param index="0">
              <value>
                <![CDATA[org.testng.TestRunner@3021e31]]>
              </value>
            </param>
          </params>
          <reporter-output>
          </reporter-output>
        </test-method> <!-- setUpClass -->
        <test-method signature="runScenario(io.cucumber.testng.PickleWrapper,io.cucumber.testng.FeatureWrapper)[pri:0, instance:tests.TestNGTestRunner@43f61afb]" started-at="2025-02-15T15:40:34 EET" name="runScenario" description="Runs Cucumber Scenarios" data-provider="scenarios" finished-at="2025-02-15T15:40:44 EET" duration-ms="10371" status="FAIL">
          <params>
            <param index="0">
              <value>
                <![CDATA["Negative Test of Log In"]]>
              </value>
            </param>
            <param index="1">
              <value>
                <![CDATA["verify the error message when log in with invalid credentials"]]>
              </value>
            </param>
          </params>
          <exception class="java.lang.AssertionError">
            <message>
              <![CDATA[Expected error message: Epic sadface: Epic sadface: Password is required but got: Epic sadface: Username and password do not match any user in this service expected [true] but found [false]]]>
            </message>
            <full-stacktrace>
              <![CDATA[java.lang.AssertionError: Expected error message: Epic sadface: Epic sadface: Password is required but got: Epic sadface: Username and password do not match any user in this service expected [true] but found [false]
at org.testng.Assert.fail(Assert.java:99)
at org.testng.Assert.failNotEquals(Assert.java:1037)
at org.testng.Assert.assertTrue(Assert.java:45)
at tests.ErrorValidationTestStepDefinitions.iShouldSeeAnErrorMessage(ErrorValidationTestStepDefinitions.java:36)
at ✽.I should see an error message "Epic sadface: Epic sadface: Password is required"(file:///C:/Users/Mahmoud.Gomaa/eclipse-workspace/Demo/src/main/resources/ErrorValidation.feature:9)
]]>
            </full-stacktrace>
          </exception> <!-- java.lang.AssertionError -->
          <reporter-output>
          </reporter-output>
        </test-method> <!-- runScenario -->
        <test-method signature="runScenario(io.cucumber.testng.PickleWrapper,io.cucumber.testng.FeatureWrapper)[pri:0, instance:tests.TestNGTestRunner@43f61afb]" started-at="2025-02-15T15:40:45 EET" name="runScenario" description="Runs Cucumber Scenarios" data-provider="scenarios" finished-at="2025-02-15T15:40:54 EET" duration-ms="9519" status="PASS">
          <params>
            <param index="0">
              <value>
                <![CDATA["TC005: Verify Log Out Functionality"]]>
              </value>
            </param>
            <param index="1">
              <value>
                <![CDATA["Verify Log Out Feature"]]>
              </value>
            </param>
          </params>
          <reporter-output>
          </reporter-output>
        </test-method> <!-- runScenario -->
        <test-method signature="runScenario(io.cucumber.testng.PickleWrapper,io.cucumber.testng.FeatureWrapper)[pri:0, instance:tests.TestNGTestRunner@43f61afb]" started-at="2025-02-15T15:40:54 EET" name="runScenario" description="Runs Cucumber Scenarios" data-provider="scenarios" finished-at="2025-02-15T15:41:01 EET" duration-ms="6956" status="PASS">
          <params>
            <param index="0">
              <value>
                <![CDATA["Positive Test of Sorting Product depending on Price"]]>
              </value>
            </param>
            <param index="1">
              <value>
                <![CDATA["verify the Sorting products depending on price (low to high price)"]]>
              </value>
            </param>
          </params>
          <reporter-output>
          </reporter-output>
        </test-method> <!-- runScenario -->
        <test-method signature="runScenario(io.cucumber.testng.PickleWrapper,io.cucumber.testng.FeatureWrapper)[pri:0, instance:tests.TestNGTestRunner@43f61afb]" started-at="2025-02-15T15:41:01 EET" name="runScenario" description="Runs Cucumber Scenarios" data-provider="scenarios" finished-at="2025-02-15T15:41:08 EET" duration-ms="6939" status="PASS">
          <params>
            <param index="0">
              <value>
                <![CDATA["Verify removing a product from the shopping cart"]]>
              </value>
            </param>
            <param index="1">
              <value>
                <![CDATA["Verify removing items from the shopping cart"]]>
              </value>
            </param>
          </params>
          <reporter-output>
          </reporter-output>
        </test-method> <!-- runScenario -->
        <test-method signature="runScenario(io.cucumber.testng.PickleWrapper,io.cucumber.testng.FeatureWrapper)[pri:0, instance:tests.TestNGTestRunner@43f61afb]" started-at="2025-02-15T15:41:08 EET" name="runScenario" description="Runs Cucumber Scenarios" data-provider="scenarios" finished-at="2025-02-15T15:42:03 EET" duration-ms="54775" status="PASS">
          <params>
            <param index="0">
              <value>
                <![CDATA["Positive Test of Submitting the order"]]>
              </value>
            </param>
            <param index="1">
              <value>
                <![CDATA["Purchase the order from Ecommerce Website"]]>
              </value>
            </param>
          </params>
          <reporter-output>
          </reporter-output>
        </test-method> <!-- runScenario -->
        <test-method is-config="true" signature="tearDownClass()[pri:0, instance:tests.TestNGTestRunner@43f61afb]" started-at="2025-02-15T15:42:03 EET" name="tearDownClass" finished-at="2025-02-15T15:42:03 EET" duration-ms="23" status="PASS">
          <reporter-output>
          </reporter-output>
        </test-method> <!-- tearDownClass -->
      </class> <!-- tests.TestNGTestRunner -->
    </test> <!-- Default test -->
  </suite> <!-- Default suite -->
</testng-results>
