<?xml version="1.0" encoding="UTF-8"?>
<testng-results ignored="0" total="3" passed="3" failed="0" skipped="0">
  <reporter-output>
  </reporter-output>
  <suite started-at="2025-03-03T19:42:08 EET" name="Default suite" finished-at="2025-03-03T19:42:24 EET" duration-ms="16033">
    <groups>
    </groups>
    <test started-at="2025-03-03T19:42:08 EET" name="Default test" finished-at="2025-03-03T19:42:24 EET" duration-ms="16033">
      <class name="tests.RemoveFromCartTest">
        <test-method is-config="true" signature="setupEnvironment()[pri:0, instance:tests.RemoveFromCartTest@11d4dbd6]" started-at="2025-03-03T19:42:08 EET" name="setupEnvironment" description="Sets up the environment for Allure reporting." finished-at="2025-03-03T19:42:08 EET" duration-ms="191" status="PASS">
          <reporter-output>
          </reporter-output>
        </test-method> <!-- setupEnvironment -->
        <test-method is-config="true" signature="initialize()[pri:0, instance:tests.RemoveFromCartTest@11d4dbd6]" started-at="2025-03-03T19:42:08 EET" name="initialize" description="Sets up the browser instance for each test." finished-at="2025-03-03T19:42:11 EET" duration-ms="2795" status="PASS">
          <reporter-output>
          </reporter-output>
        </test-method> <!-- initialize -->
        <test-method is-config="true" signature="setup()[pri:0, instance:tests.RemoveFromCartTest@11d4dbd6]" started-at="2025-03-03T19:42:12 EET" name="setup" finished-at="2025-03-03T19:42:13 EET" duration-ms="1387" status="PASS">
          <reporter-output>
          </reporter-output>
        </test-method> <!-- setup -->
        <test-method signature="testRemoveFromCart(data.LoginLandingPageData)[pri:0, instance:tests.RemoveFromCartTest@11d4dbd6]" started-at="2025-03-03T19:42:13 EET" name="testRemoveFromCart" data-provider="getLandingPageData" finished-at="2025-03-03T19:42:16 EET" duration-ms="2361" status="PASS">
          <params>
            <param index="0">
              <value>
                <![CDATA[data.LoginLandingPageData@fd5c7f6]]>
              </value>
            </param>
          </params>
          <reporter-output>
          </reporter-output>
        </test-method> <!-- testRemoveFromCart -->
        <test-method is-config="true" signature="captureScreenshotAfterTest(org.testng.ITestResult)[pri:0, instance:tests.RemoveFromCartTest@11d4dbd6]" started-at="2025-03-03T19:42:16 EET" name="captureScreenshotAfterTest" description="Takes a screenshot after each test method." finished-at="2025-03-03T19:42:16 EET" duration-ms="274" status="PASS">
          <params>
            <param index="0">
              <value>
                <![CDATA[[TestResult name=testRemoveFromCart status=SUCCESS method=RemoveFromCartTest.testRemoveFromCart(data.LoginLandingPageData)[pri:0, instance:tests.RemoveFromCartTest@11d4dbd6] output={null}]]]>
              </value>
            </param>
          </params>
          <reporter-output>
          </reporter-output>
        </test-method> <!-- captureScreenshotAfterTest -->
        <test-method is-config="true" signature="setup()[pri:0, instance:tests.RemoveFromCartTest@11d4dbd6]" started-at="2025-03-03T19:42:16 EET" name="setup" finished-at="2025-03-03T19:42:16 EET" duration-ms="158" status="PASS">
          <reporter-output>
          </reporter-output>
        </test-method> <!-- setup -->
        <test-method signature="testRemoveFromCart(data.LoginLandingPageData)[pri:0, instance:tests.RemoveFromCartTest@11d4dbd6]" started-at="2025-03-03T19:42:16 EET" name="testRemoveFromCart" data-provider="getLandingPageData" finished-at="2025-03-03T19:42:17 EET" duration-ms="685" status="PASS">
          <params>
            <param index="0">
              <value>
                <![CDATA[data.LoginLandingPageData@6ae5e1cf]]>
              </value>
            </param>
          </params>
          <reporter-output>
          </reporter-output>
        </test-method> <!-- testRemoveFromCart -->
        <test-method is-config="true" signature="captureScreenshotAfterTest(org.testng.ITestResult)[pri:0, instance:tests.RemoveFromCartTest@11d4dbd6]" started-at="2025-03-03T19:42:17 EET" name="captureScreenshotAfterTest" description="Takes a screenshot after each test method." finished-at="2025-03-03T19:42:17 EET" duration-ms="212" status="PASS">
          <params>
            <param index="0">
              <value>
                <![CDATA[[TestResult name=testRemoveFromCart status=SUCCESS method=RemoveFromCartTest.testRemoveFromCart(data.LoginLandingPageData)[pri:0, instance:tests.RemoveFromCartTest@11d4dbd6] output={null}]]]>
              </value>
            </param>
          </params>
          <reporter-output>
          </reporter-output>
        </test-method> <!-- captureScreenshotAfterTest -->
        <test-method is-config="true" signature="setup()[pri:0, instance:tests.RemoveFromCartTest@11d4dbd6]" started-at="2025-03-03T19:42:17 EET" name="setup" finished-at="2025-03-03T19:42:17 EET" duration-ms="53" status="PASS">
          <reporter-output>
          </reporter-output>
        </test-method> <!-- setup -->
        <test-method signature="testRemoveFromCart(data.LoginLandingPageData)[pri:0, instance:tests.RemoveFromCartTest@11d4dbd6]" started-at="2025-03-03T19:42:17 EET" name="testRemoveFromCart" data-provider="getLandingPageData" finished-at="2025-03-03T19:42:22 EET" duration-ms="5458" status="PASS">
          <params>
            <param index="0">
              <value>
                <![CDATA[data.LoginLandingPageData@58267ba1]]>
              </value>
            </param>
          </params>
          <reporter-output>
          </reporter-output>
        </test-method> <!-- testRemoveFromCart -->
        <test-method is-config="true" signature="captureScreenshotAfterTest(org.testng.ITestResult)[pri:0, instance:tests.RemoveFromCartTest@11d4dbd6]" started-at="2025-03-03T19:42:22 EET" name="captureScreenshotAfterTest" description="Takes a screenshot after each test method." finished-at="2025-03-03T19:42:23 EET" duration-ms="230" status="PASS">
          <params>
            <param index="0">
              <value>
                <![CDATA[[TestResult name=testRemoveFromCart status=SUCCESS method=RemoveFromCartTest.testRemoveFromCart(data.LoginLandingPageData)[pri:0, instance:tests.RemoveFromCartTest@11d4dbd6] output={null}]]]>
              </value>
            </param>
          </params>
          <reporter-output>
          </reporter-output>
        </test-method> <!-- captureScreenshotAfterTest -->
        <test-method is-config="true" signature="tearDown()[pri:0, instance:tests.RemoveFromCartTest@11d4dbd6]" started-at="2025-03-03T19:42:23 EET" name="tearDown" description="Cleans up resources and quits the browser after each test." finished-at="2025-03-03T19:42:24 EET" duration-ms="1245" status="PASS">
          <reporter-output>
          </reporter-output>
        </test-method> <!-- tearDown -->
      </class> <!-- tests.RemoveFromCartTest -->
    </test> <!-- Default test -->
  </suite> <!-- Default suite -->
</testng-results>
