<?xml version="1.0" encoding="UTF-8"?>
<testng-results ignored="0" total="1" passed="1" failed="0" skipped="0">
  <reporter-output>
  </reporter-output>
  <suite started-at="2024-12-30T02:36:34 EET" name="Default suite" finished-at="2024-12-30T02:36:42 EET" duration-ms="8350">
    <groups>
    </groups>
    <test started-at="2024-12-30T02:36:34 EET" name="Default test" finished-at="2024-12-30T02:36:42 EET" duration-ms="8350">
      <class name="tests.SubmitOrderTest">
        <test-method is-config="true" signature="initialize()[pri:0, instance:tests.SubmitOrderTest@71ea1fda]" started-at="2024-12-30T02:36:34 EET" name="initialize" description="Sets up the browser instance for each test." finished-at="2024-12-30T02:36:37 EET" duration-ms="3592" status="PASS">
          <reporter-output>
          </reporter-output>
        </test-method> <!-- initialize -->
        <test-method signature="submitOrderTest()[pri:0, instance:tests.SubmitOrderTest@71ea1fda]" started-at="2024-12-30T02:36:37 EET" name="submitOrderTest" finished-at="2024-12-30T02:36:42 EET" duration-ms="4669" status="PASS">
          <reporter-output>
          </reporter-output>
        </test-method> <!-- submitOrderTest -->
      </class> <!-- tests.SubmitOrderTest -->
    </test> <!-- Default test -->
  </suite> <!-- Default suite -->
</testng-results>
