<?xml version="1.0" encoding="UTF-8"?>
<testng-results ignored="9" total="15" passed="6" failed="0" skipped="0">
  <reporter-output>
  </reporter-output>
  <suite started-at="2024-12-17T17:16:05 EET" name="Suite" finished-at="2024-12-17T17:16:07 EET" duration-ms="1825">
    <groups>
    </groups>
    <test started-at="2024-12-17T17:16:05 EET" name="Tests" finished-at="2024-12-17T17:16:07 EET" duration-ms="1825">
      <class name="tests.CartPageTest">
        <test-method is-config="true" signature="beforeTest()[pri:0, instance:tests.CartPageTest@50b1f030]" started-at="2024-12-17T17:16:06 EET" name="beforeTest" finished-at="2024-12-17T17:16:06 EET" duration-ms="1" status="PASS">
          <reporter-output>
          </reporter-output>
        </test-method> <!-- beforeTest -->
        <test-method signature="clickTest()[pri:0, instance:tests.CartPageTest@50b1f030]" started-at="2024-12-17T17:16:06 EET" name="clickTest" description="Navigate to checkout page by clicking the checkout button" finished-at="2024-12-17T17:16:06 EET" duration-ms="72" status="PASS">
          <reporter-output>
          </reporter-output>
        </test-method> <!-- clickTest -->
      </class> <!-- tests.CartPageTest -->
      <class name="tests.CheckoutPageTest">
        <test-method is-config="true" signature="setUp()[pri:0, instance:tests.CheckoutPageTest@4163f1cd]" started-at="2024-12-17T17:16:06 EET" name="setUp" finished-at="2024-12-17T17:16:06 EET" duration-ms="1" status="PASS">
          <reporter-output>
          </reporter-output>
        </test-method> <!-- setUp -->
        <test-method signature="goToCheckoutOverView(data.CheckoutPageData)[pri:0, instance:tests.CheckoutPageTest@4163f1cd]" started-at="2024-12-17T17:16:06 EET" name="goToCheckoutOverView" description="Verify user can enter their shipping address (first name, last name, and postal code) and proceed to the checkout overview page" data-provider="getCheckoutPageData" finished-at="2024-12-17T17:16:06 EET" duration-ms="237" status="PASS">
          <params>
            <param index="0">
              <value>
                <![CDATA[data.CheckoutPageData@78e17a99]]>
              </value>
            </param>
          </params>
          <reporter-output>
          </reporter-output>
        </test-method> <!-- goToCheckoutOverView -->
      </class> <!-- tests.CheckoutPageTest -->
      <class name="tests.LandingPageTest">
        <test-method is-config="true" signature="intialize()[pri:0, instance:tests.LandingPageTest@17f460bb]" started-at="2024-12-17T17:16:01 EET" name="intialize" finished-at="2024-12-17T17:16:05 EET" duration-ms="3279" status="PASS">
          <reporter-output>
          </reporter-output>
        </test-method> <!-- intialize -->
        <test-method is-config="true" signature="setUp()[pri:0, instance:tests.LandingPageTest@17f460bb]" started-at="2024-12-17T17:16:05 EET" name="setUp" finished-at="2024-12-17T17:16:05 EET" duration-ms="656" status="PASS">
          <reporter-output>
          </reporter-output>
        </test-method> <!-- setUp -->
        <test-method signature="testLoginLandingPage(data.LoginLandingPageData)[pri:0, instance:tests.LandingPageTest@17f460bb]" started-at="2024-12-17T17:16:05 EET" name="testLoginLandingPage" description="Verify user can log in to the landing page using a valid username and password, and successfully submit the login form." data-provider="getLandingPageData" finished-at="2024-12-17T17:16:06 EET" duration-ms="332" status="PASS">
          <params>
            <param index="0">
              <value>
                <![CDATA[data.LoginLandingPageData@2b6fcb9f]]>
              </value>
            </param>
          </params>
          <reporter-output>
          </reporter-output>
        </test-method> <!-- testLoginLandingPage -->
        <test-method is-config="true" signature="tearDown()[pri:0, instance:tests.LandingPageTest@17f460bb]" started-at="2024-12-17T17:16:07 EET" name="tearDown" finished-at="2024-12-17T17:16:08 EET" duration-ms="1252" status="PASS">
          <reporter-output>
          </reporter-output>
        </test-method> <!-- tearDown -->
      </class> <!-- tests.LandingPageTest -->
      <class name="tests.CompletePageTest">
        <test-method signature="verifiedConfirmationText()[pri:0, instance:tests.CompletePageTest@3e681bc]" started-at="2024-12-17T17:16:07 EET" name="verifiedConfirmationText" description="Verify the confirmation message displayed after completing the checkout process correctly indicates that the product has been successfully ordered" finished-at="2024-12-17T17:16:07 EET" duration-ms="26" status="PASS">
          <reporter-output>
          </reporter-output>
        </test-method> <!-- verifiedConfirmationText -->
      </class> <!-- tests.CompletePageTest -->
      <class name="tests.CheckoutOverviewTest">
        <test-method signature="gotToCompletePage()[pri:0, instance:tests.CheckoutOverviewTest@5fa05212]" started-at="2024-12-17T17:16:06 EET" name="gotToCompletePage" description="Verify user can successfully navigate to the completion page after entering all necessary information during checkout and confirm the selected product is correctly displayed." finished-at="2024-12-17T17:16:07 EET" duration-ms="73" status="PASS">
          <reporter-output>
          </reporter-output>
        </test-method> <!-- gotToCompletePage -->
      </class> <!-- tests.CheckoutOverviewTest -->
      <class name="tests.ProductCatalogueTest">
        <test-method is-config="true" signature="intialize()[pri:0, instance:tests.ProductCatalogueTest@88a8218]" started-at="2024-12-17T17:16:06 EET" name="intialize" finished-at="2024-12-17T17:16:06 EET" duration-ms="1" status="PASS">
          <reporter-output>
          </reporter-output>
        </test-method> <!-- intialize -->
        <test-method signature="testAddItemsLessThanTenDollarsToCart()[pri:0, instance:tests.ProductCatalogueTest@88a8218]" started-at="2024-12-17T17:16:06 EET" name="testAddItemsLessThanTenDollarsToCart" description="Verify user can successfully add items priced under ten dollars to the shopping cart." finished-at="2024-12-17T17:16:06 EET" duration-ms="278" status="PASS">
          <reporter-output>
          </reporter-output>
        </test-method> <!-- testAddItemsLessThanTenDollarsToCart -->
      </class> <!-- tests.ProductCatalogueTest -->
    </test> <!-- Tests -->
  </suite> <!-- Suite -->
</testng-results>
