<?xml version="1.0" encoding="UTF-8"?>
<testng-results ignored="0" total="3" passed="3" failed="0" skipped="0">
  <reporter-output>
  </reporter-output>
  <suite started-at="2025-01-23T14:44:13 EET" name="Default suite" finished-at="2025-01-23T14:44:31 EET" duration-ms="17684">
    <groups>
    </groups>
    <test started-at="2025-01-23T14:44:13 EET" name="Default test" finished-at="2025-01-23T14:44:31 EET" duration-ms="17684">
      <class name="tests.SubmitOrderTest">
        <test-method is-config="true" signature="setupEnvironment()[pri:0, instance:tests.SubmitOrderTest@2766ca9d]" started-at="2025-01-23T14:44:13 EET" name="setupEnvironment" description="Sets up the environment for Allure reporting." finished-at="2025-01-23T14:44:13 EET" duration-ms="218" status="PASS">
          <reporter-output>
          </reporter-output>
        </test-method> <!-- setupEnvironment -->
        <test-method is-config="true" signature="initialize()[pri:0, instance:tests.SubmitOrderTest@2766ca9d]" started-at="2025-01-23T14:44:13 EET" name="initialize" description="Sets up the browser instance for each test." finished-at="2025-01-23T14:44:17 EET" duration-ms="4292" status="PASS">
          <reporter-output>
          </reporter-output>
        </test-method> <!-- initialize -->
        <test-method is-config="true" signature="setup()[pri:0, instance:tests.SubmitOrderTest@2766ca9d]" started-at="2025-01-23T14:44:17 EET" name="setup" finished-at="2025-01-23T14:44:19 EET" duration-ms="1564" status="PASS">
          <reporter-output>
          </reporter-output>
        </test-method> <!-- setup -->
        <test-method signature="submitOrderTest(data.SubmitOrderData)[pri:0, instance:tests.SubmitOrderTest@2766ca9d]" started-at="2025-01-23T14:44:19 EET" name="submitOrderTest" data-provider="getSubmitOrderData" finished-at="2025-01-23T14:44:22 EET" duration-ms="3128" status="PASS">
          <params>
            <param index="0">
              <value>
                <![CDATA[data.SubmitOrderData@12d5c30e]]>
              </value>
            </param>
          </params>
          <reporter-output>
          </reporter-output>
        </test-method> <!-- submitOrderTest -->
        <test-method is-config="true" signature="captureScreenshotAfterTest(org.testng.ITestResult)[pri:0, instance:tests.SubmitOrderTest@2766ca9d]" started-at="2025-01-23T14:44:22 EET" name="captureScreenshotAfterTest" description="Takes a screenshot after each test method." finished-at="2025-01-23T14:44:23 EET" duration-ms="539" status="PASS">
          <params>
            <param index="0">
              <value>
                <![CDATA[[TestResult name=submitOrderTest status=SUCCESS method=SubmitOrderTest.submitOrderTest(data.SubmitOrderData)[pri:0, instance:tests.SubmitOrderTest@2766ca9d] output={null}]]]>
              </value>
            </param>
          </params>
          <reporter-output>
          </reporter-output>
        </test-method> <!-- captureScreenshotAfterTest -->
        <test-method is-config="true" signature="setup()[pri:0, instance:tests.SubmitOrderTest@2766ca9d]" started-at="2025-01-23T14:44:23 EET" name="setup" finished-at="2025-01-23T14:44:23 EET" duration-ms="182" status="PASS">
          <reporter-output>
          </reporter-output>
        </test-method> <!-- setup -->
        <test-method signature="submitOrderTest(data.SubmitOrderData)[pri:0, instance:tests.SubmitOrderTest@2766ca9d]" started-at="2025-01-23T14:44:23 EET" name="submitOrderTest" data-provider="getSubmitOrderData" finished-at="2025-01-23T14:44:25 EET" duration-ms="2591" status="PASS">
          <params>
            <param index="0">
              <value>
                <![CDATA[data.SubmitOrderData@4eb166a1]]>
              </value>
            </param>
          </params>
          <reporter-output>
          </reporter-output>
        </test-method> <!-- submitOrderTest -->
        <test-method is-config="true" signature="captureScreenshotAfterTest(org.testng.ITestResult)[pri:0, instance:tests.SubmitOrderTest@2766ca9d]" started-at="2025-01-23T14:44:25 EET" name="captureScreenshotAfterTest" description="Takes a screenshot after each test method." finished-at="2025-01-23T14:44:26 EET" duration-ms="591" status="PASS">
          <params>
            <param index="0">
              <value>
                <![CDATA[[TestResult name=submitOrderTest status=SUCCESS method=SubmitOrderTest.submitOrderTest(data.SubmitOrderData)[pri:0, instance:tests.SubmitOrderTest@2766ca9d] output={null}]]]>
              </value>
            </param>
          </params>
          <reporter-output>
          </reporter-output>
        </test-method> <!-- captureScreenshotAfterTest -->
        <test-method is-config="true" signature="setup()[pri:0, instance:tests.SubmitOrderTest@2766ca9d]" started-at="2025-01-23T14:44:26 EET" name="setup" finished-at="2025-01-23T14:44:26 EET" duration-ms="216" status="PASS">
          <reporter-output>
          </reporter-output>
        </test-method> <!-- setup -->
        <test-method signature="submitOrderTest(data.SubmitOrderData)[pri:0, instance:tests.SubmitOrderTest@2766ca9d]" started-at="2025-01-23T14:44:26 EET" name="submitOrderTest" data-provider="getSubmitOrderData" finished-at="2025-01-23T14:44:29 EET" duration-ms="2292" status="PASS">
          <params>
            <param index="0">
              <value>
                <![CDATA[data.SubmitOrderData@40230eb9]]>
              </value>
            </param>
          </params>
          <reporter-output>
          </reporter-output>
        </test-method> <!-- submitOrderTest -->
        <test-method is-config="true" signature="captureScreenshotAfterTest(org.testng.ITestResult)[pri:0, instance:tests.SubmitOrderTest@2766ca9d]" started-at="2025-01-23T14:44:29 EET" name="captureScreenshotAfterTest" description="Takes a screenshot after each test method." finished-at="2025-01-23T14:44:29 EET" duration-ms="607" status="PASS">
          <params>
            <param index="0">
              <value>
                <![CDATA[[TestResult name=submitOrderTest status=SUCCESS method=SubmitOrderTest.submitOrderTest(data.SubmitOrderData)[pri:0, instance:tests.SubmitOrderTest@2766ca9d] output={null}]]]>
              </value>
            </param>
          </params>
          <reporter-output>
          </reporter-output>
        </test-method> <!-- captureScreenshotAfterTest -->
        <test-method is-config="true" signature="tearDown()[pri:0, instance:tests.SubmitOrderTest@2766ca9d]" started-at="2025-01-23T14:44:29 EET" name="tearDown" description="Cleans up resources and quits the browser after each test." finished-at="2025-01-23T14:44:31 EET" duration-ms="1376" status="PASS">
          <reporter-output>
          </reporter-output>
        </test-method> <!-- tearDown -->
      </class> <!-- tests.SubmitOrderTest -->
    </test> <!-- Default test -->
  </suite> <!-- Default suite -->
</testng-results>
