<?xml version="1.0" encoding="UTF-8"?>
<testng-results ignored="4" total="10" passed="6" failed="0" skipped="0">
  <reporter-output>
  </reporter-output>
  <suite started-at="2024-12-11T10:49:02 EET" name="Suite" finished-at="2024-12-11T10:49:05 EET" duration-ms="2688">
    <groups>
    </groups>
    <test started-at="2024-12-11T10:49:02 EET" name="Test" finished-at="2024-12-11T10:49:05 EET" duration-ms="2688">
      <class name="tests.CartPageTest">
        <test-method is-config="true" signature="beforeTest()[pri:0, instance:tests.CartPageTest@32a68f4f]" started-at="2024-12-11T10:49:04 EET" name="beforeTest" finished-at="2024-12-11T10:49:04 EET" duration-ms="1" status="PASS">
          <reporter-output>
          </reporter-output>
        </test-method> <!-- beforeTest -->
        <test-method signature="clickTest()[pri:0, instance:tests.CartPageTest@32a68f4f]" started-at="2024-12-11T10:49:04 EET" name="clickTest" finished-at="2024-12-11T10:49:04 EET" duration-ms="81" status="PASS">
          <reporter-output>
          </reporter-output>
        </test-method> <!-- clickTest -->
      </class> <!-- tests.CartPageTest -->
      <class name="tests.CheckoutPageTest">
        <test-method is-config="true" signature="setUp()[pri:0, instance:tests.CheckoutPageTest@73194df]" started-at="2024-12-11T10:49:04 EET" name="setUp" finished-at="2024-12-11T10:49:04 EET" duration-ms="1" status="PASS">
          <reporter-output>
          </reporter-output>
        </test-method> <!-- setUp -->
        <test-method signature="goToCheckoutOverview()[pri:0, instance:tests.CheckoutPageTest@73194df]" started-at="2024-12-11T10:49:04 EET" name="goToCheckoutOverview" finished-at="2024-12-11T10:49:05 EET" duration-ms="227" status="PASS">
          <reporter-output>
          </reporter-output>
        </test-method> <!-- goToCheckoutOverview -->
      </class> <!-- tests.CheckoutPageTest -->
      <class name="tests.LandingPageTest">
        <test-method is-config="true" signature="intialize()[pri:0, instance:tests.LandingPageTest@466276d8]" started-at="2024-12-11T10:48:59 EET" name="intialize" finished-at="2024-12-11T10:49:02 EET" duration-ms="3204" status="PASS">
          <reporter-output>
          </reporter-output>
        </test-method> <!-- intialize -->
        <test-method is-config="true" signature="setUp()[pri:0, instance:tests.LandingPageTest@466276d8]" started-at="2024-12-11T10:49:02 EET" name="setUp" finished-at="2024-12-11T10:49:04 EET" duration-ms="1570" status="PASS">
          <reporter-output>
          </reporter-output>
        </test-method> <!-- setUp -->
        <test-method signature="loginTest()[pri:0, instance:tests.LandingPageTest@466276d8]" started-at="2024-12-11T10:49:04 EET" name="loginTest" finished-at="2024-12-11T10:49:04 EET" duration-ms="301" status="PASS">
          <reporter-output>
          </reporter-output>
        </test-method> <!-- loginTest -->
      </class> <!-- tests.LandingPageTest -->
      <class name="tests.CompletePageTest">
        <test-method is-config="true" signature="setUp()[pri:0, instance:tests.CompletePageTest@3c9c0d96]" started-at="2024-12-11T10:49:05 EET" name="setUp" finished-at="2024-12-11T10:49:05 EET" duration-ms="0" status="PASS">
          <reporter-output>
          </reporter-output>
        </test-method> <!-- setUp -->
        <test-method signature="verifiedConfirmationText()[pri:0, instance:tests.CompletePageTest@3c9c0d96]" started-at="2024-12-11T10:49:05 EET" name="verifiedConfirmationText" finished-at="2024-12-11T10:49:05 EET" duration-ms="23" status="PASS">
          <reporter-output>
          </reporter-output>
        </test-method> <!-- verifiedConfirmationText -->
      </class> <!-- tests.CompletePageTest -->
      <class name="tests.CheckoutOverviewTest">
        <test-method signature="gotToCheclOutOverView()[pri:0, instance:tests.CheckoutOverviewTest@6eb2384f]" started-at="2024-12-11T10:49:05 EET" name="gotToCheclOutOverView" finished-at="2024-12-11T10:49:05 EET" duration-ms="60" status="PASS">
          <reporter-output>
          </reporter-output>
        </test-method> <!-- gotToCheclOutOverView -->
      </class> <!-- tests.CheckoutOverviewTest -->
      <class name="tests.ProductCatalogueTest">
        <test-method is-config="true" signature="intialize()[pri:0, instance:tests.ProductCatalogueTest@38aa816f]" started-at="2024-12-11T10:49:04 EET" name="intialize" finished-at="2024-12-11T10:49:04 EET" duration-ms="1" status="PASS">
          <reporter-output>
          </reporter-output>
        </test-method> <!-- intialize -->
        <test-method signature="testAddItemsLessThanTenDollarsToCart()[pri:0, instance:tests.ProductCatalogueTest@38aa816f]" started-at="2024-12-11T10:49:04 EET" name="testAddItemsLessThanTenDollarsToCart" finished-at="2024-12-11T10:49:04 EET" duration-ms="283" status="PASS">
          <reporter-output>
          </reporter-output>
        </test-method> <!-- testAddItemsLessThanTenDollarsToCart -->
      </class> <!-- tests.ProductCatalogueTest -->
    </test> <!-- Test -->
  </suite> <!-- Suite -->
</testng-results>
