<?xml version="1.0" encoding="UTF-8"?>
<testng-results ignored="4" total="10" passed="6" failed="0" skipped="0">
  <reporter-output>
  </reporter-output>
  <suite started-at="2024-12-15T17:28:08 EET" name="Suite" finished-at="2024-12-15T17:28:10 EET" duration-ms="1969">
    <groups>
    </groups>
    <test started-at="2024-12-15T17:28:08 EET" name="Test" finished-at="2024-12-15T17:28:10 EET" duration-ms="1969">
      <class name="tests.CartPageTest">
        <test-method is-config="true" signature="beforeTest()[pri:0, instance:tests.CartPageTest@ceb4bd2]" started-at="2024-12-15T17:28:09 EET" name="beforeTest" finished-at="2024-12-15T17:28:09 EET" duration-ms="3" status="PASS">
          <reporter-output>
          </reporter-output>
        </test-method> <!-- beforeTest -->
        <test-method signature="clickTest()[pri:0, instance:tests.CartPageTest@ceb4bd2]" started-at="2024-12-15T17:28:09 EET" name="clickTest" finished-at="2024-12-15T17:28:09 EET" duration-ms="69" status="PASS">
          <reporter-output>
          </reporter-output>
        </test-method> <!-- clickTest -->
      </class> <!-- tests.CartPageTest -->
      <class name="tests.CheckoutPageTest">
        <test-method is-config="true" signature="setUp()[pri:0, instance:tests.CheckoutPageTest@60297f36]" started-at="2024-12-15T17:28:09 EET" name="setUp" finished-at="2024-12-15T17:28:09 EET" duration-ms="5" status="PASS">
          <reporter-output>
          </reporter-output>
        </test-method> <!-- setUp -->
        <test-method signature="goToCheckoutOverview()[pri:0, instance:tests.CheckoutPageTest@60297f36]" started-at="2024-12-15T17:28:09 EET" name="goToCheckoutOverview" finished-at="2024-12-15T17:28:10 EET" duration-ms="238" status="PASS">
          <reporter-output>
          </reporter-output>
        </test-method> <!-- goToCheckoutOverview -->
      </class> <!-- tests.CheckoutPageTest -->
      <class name="tests.LandingPageTest">
        <test-method is-config="true" signature="intialize()[pri:0, instance:tests.LandingPageTest@79c3f01f]" started-at="2024-12-15T17:28:04 EET" name="intialize" finished-at="2024-12-15T17:28:08 EET" duration-ms="3284" status="PASS">
          <reporter-output>
          </reporter-output>
        </test-method> <!-- intialize -->
        <test-method is-config="true" signature="setUp()[pri:0, instance:tests.LandingPageTest@79c3f01f]" started-at="2024-12-15T17:28:08 EET" name="setUp" finished-at="2024-12-15T17:28:08 EET" duration-ms="743" status="PASS">
          <reporter-output>
          </reporter-output>
        </test-method> <!-- setUp -->
        <test-method signature="loginTest()[pri:0, instance:tests.LandingPageTest@79c3f01f]" started-at="2024-12-15T17:28:09 EET" name="loginTest" finished-at="2024-12-15T17:28:09 EET" duration-ms="318" status="PASS">
          <reporter-output>
          </reporter-output>
        </test-method> <!-- loginTest -->
      </class> <!-- tests.LandingPageTest -->
      <class name="tests.CompletePageTest">
        <test-method signature="verifiedConfirmationText()[pri:0, instance:tests.CompletePageTest@56bc3fac]" started-at="2024-12-15T17:28:10 EET" name="verifiedConfirmationText" finished-at="2024-12-15T17:28:10 EET" duration-ms="28" status="PASS">
          <reporter-output>
          </reporter-output>
        </test-method> <!-- verifiedConfirmationText -->
      </class> <!-- tests.CompletePageTest -->
      <class name="tests.CheckoutOverviewTest">
        <test-method signature="gotToCheclOutOverView()[pri:0, instance:tests.CheckoutOverviewTest@1bf0f6f6]" started-at="2024-12-15T17:28:10 EET" name="gotToCheclOutOverView" finished-at="2024-12-15T17:28:10 EET" duration-ms="67" status="PASS">
          <reporter-output>
          </reporter-output>
        </test-method> <!-- gotToCheclOutOverView -->
      </class> <!-- tests.CheckoutOverviewTest -->
      <class name="tests.ProductCatalogueTest">
        <test-method is-config="true" signature="intialize()[pri:0, instance:tests.ProductCatalogueTest@553f3b6e]" started-at="2024-12-15T17:28:09 EET" name="intialize" finished-at="2024-12-15T17:28:09 EET" duration-ms="1" status="PASS">
          <reporter-output>
          </reporter-output>
        </test-method> <!-- intialize -->
        <test-method signature="testAddItemsLessThanTenDollarsToCart()[pri:0, instance:tests.ProductCatalogueTest@553f3b6e]" started-at="2024-12-15T17:28:09 EET" name="testAddItemsLessThanTenDollarsToCart" finished-at="2024-12-15T17:28:09 EET" duration-ms="326" status="PASS">
          <reporter-output>
          </reporter-output>
        </test-method> <!-- testAddItemsLessThanTenDollarsToCart -->
      </class> <!-- tests.ProductCatalogueTest -->
    </test> <!-- Test -->
  </suite> <!-- Suite -->
</testng-results>
