<?xml version="1.0" encoding="UTF-8"?>
<testng-results retried="1" ignored="0" total="14" passed="12" failed="1" skipped="0">
  <reporter-output>
  </reporter-output>
  <suite started-at="2025-01-19T14:01:27 EET" name="RegressionTest" finished-at="2025-01-19T14:01:50 EET" duration-ms="23035">
    <groups>
      <group name="ErrorValidation">
        <method signature="ErrorValidationTest.testInvalidLoginLandingPage()[pri:0, instance:tests.ErrorValidationTest@2617f816]" name="testInvalidLoginLandingPage" class="tests.ErrorValidationTest"/>
      </group> <!-- ErrorValidation -->
    </groups>
    <test started-at="2025-01-19T14:01:27 EET" name="LoginErrorValidation" finished-at="2025-01-19T14:01:38 EET" duration-ms="10778">
      <class name="tests.ErrorValidationTest">
        <test-method is-config="true" signature="initialize()[pri:0, instance:tests.ErrorValidationTest@2617f816]" started-at="2025-01-19T14:01:27 EET" name="initialize" description="Sets up the browser instance for each test." finished-at="2025-01-19T14:01:33 EET" duration-ms="5834" status="PASS">
          <reporter-output>
          </reporter-output>
        </test-method> <!-- initialize -->
        <test-method is-config="true" signature="setUp()[pri:0, instance:tests.ErrorValidationTest@2617f816]" started-at="2025-01-19T14:01:33 EET" name="setUp" description="Sets up the test environment by initializing configurations, launching the browser, and navigating to the base URL." finished-at="2025-01-19T14:01:34 EET" duration-ms="662" status="PASS">
          <reporter-output>
          </reporter-output>
        </test-method> <!-- setUp -->
        <test-method retried="true" signature="testInvalidLoginLandingPage()[pri:0, instance:tests.ErrorValidationTest@2617f816]" started-at="2025-01-19T14:01:34 EET" name="testInvalidLoginLandingPage" description="Validates error message for invalid login attempts on the landing page." finished-at="2025-01-19T14:01:36 EET" duration-ms="2345" status="SKIP">
          <exception class="java.lang.AssertionError">
            <full-stacktrace>
              <![CDATA[java.lang.AssertionError
at org.junit.Assert.fail(Assert.java:87)
at org.junit.Assert.assertTrue(Assert.java:42)
at org.junit.Assert.assertTrue(Assert.java:53)
at tests.ErrorValidationTest.testInvalidLoginLandingPage(ErrorValidationTest.java:61)
at java.base/jdk.internal.reflect.DirectMethodHandleAccessor.invoke(DirectMethodHandleAccessor.java:103)
at java.base/java.lang.reflect.Method.invoke(Method.java:580)
at org.testng.internal.MethodInvocationHelper.invokeMethod(MethodInvocationHelper.java:133)
at org.testng.internal.TestInvoker.invokeMethod(TestInvoker.java:598)
at org.testng.internal.TestInvoker.invokeTestMethod(TestInvoker.java:173)
at org.testng.internal.MethodRunner.runInSequence(MethodRunner.java:46)
at org.testng.internal.TestInvoker$MethodInvocationAgent.invoke(TestInvoker.java:824)
at org.testng.internal.TestInvoker.invokeTestMethods(TestInvoker.java:146)
at org.testng.internal.TestMethodWorker.invokeTestMethods(TestMethodWorker.java:146)
at org.testng.internal.TestMethodWorker.run(TestMethodWorker.java:128)
at java.base/java.util.ArrayList.forEach(ArrayList.java:1596)
at org.testng.TestRunner.privateRun(TestRunner.java:794)
at org.testng.TestRunner.run(TestRunner.java:596)
at org.testng.SuiteRunner.runTest(SuiteRunner.java:377)
at org.testng.SuiteRunner.access$000(SuiteRunner.java:28)
at org.testng.SuiteRunner$SuiteWorker.run(SuiteRunner.java:418)
at org.testng.internal.thread.ThreadUtil.lambda$execute$0(ThreadUtil.java:64)
at java.base/java.util.concurrent.FutureTask.run(FutureTask.java:317)
at java.base/java.util.concurrent.ThreadPoolExecutor.runWorker(ThreadPoolExecutor.java:1144)
at java.base/java.util.concurrent.ThreadPoolExecutor$Worker.run(ThreadPoolExecutor.java:642)
at java.base/java.lang.Thread.run(Thread.java:1583)
]]>
            </full-stacktrace>
          </exception> <!-- java.lang.AssertionError -->
          <reporter-output>
          </reporter-output>
        </test-method> <!-- testInvalidLoginLandingPage -->
        <test-method is-config="true" signature="setUp()[pri:0, instance:tests.ErrorValidationTest@2617f816]" started-at="2025-01-19T14:01:36 EET" name="setUp" description="Sets up the test environment by initializing configurations, launching the browser, and navigating to the base URL." finished-at="2025-01-19T14:01:36 EET" duration-ms="399" status="PASS">
          <reporter-output>
          </reporter-output>
        </test-method> <!-- setUp -->
        <test-method signature="testInvalidLoginLandingPage()[pri:0, instance:tests.ErrorValidationTest@2617f816]" started-at="2025-01-19T14:01:36 EET" name="testInvalidLoginLandingPage" description="Validates error message for invalid login attempts on the landing page." finished-at="2025-01-19T14:01:38 EET" duration-ms="1429" status="FAIL">
          <exception class="java.lang.AssertionError">
            <full-stacktrace>
              <![CDATA[java.lang.AssertionError
at org.junit.Assert.fail(Assert.java:87)
at org.junit.Assert.assertTrue(Assert.java:42)
at org.junit.Assert.assertTrue(Assert.java:53)
at tests.ErrorValidationTest.testInvalidLoginLandingPage(ErrorValidationTest.java:61)
at java.base/jdk.internal.reflect.DirectMethodHandleAccessor.invoke(DirectMethodHandleAccessor.java:103)
at java.base/java.lang.reflect.Method.invoke(Method.java:580)
at org.testng.internal.MethodInvocationHelper.invokeMethod(MethodInvocationHelper.java:133)
at org.testng.internal.TestInvoker.invokeMethod(TestInvoker.java:598)
at org.testng.internal.TestInvoker.retryFailed(TestInvoker.java:213)
at org.testng.internal.MethodRunner.runInSequence(MethodRunner.java:58)
at org.testng.internal.TestInvoker$MethodInvocationAgent.invoke(TestInvoker.java:824)
at org.testng.internal.TestInvoker.invokeTestMethods(TestInvoker.java:146)
at org.testng.internal.TestMethodWorker.invokeTestMethods(TestMethodWorker.java:146)
at org.testng.internal.TestMethodWorker.run(TestMethodWorker.java:128)
at java.base/java.util.ArrayList.forEach(ArrayList.java:1596)
at org.testng.TestRunner.privateRun(TestRunner.java:794)
at org.testng.TestRunner.run(TestRunner.java:596)
at org.testng.SuiteRunner.runTest(SuiteRunner.java:377)
at org.testng.SuiteRunner.access$000(SuiteRunner.java:28)
at org.testng.SuiteRunner$SuiteWorker.run(SuiteRunner.java:418)
at org.testng.internal.thread.ThreadUtil.lambda$execute$0(ThreadUtil.java:64)
at java.base/java.util.concurrent.FutureTask.run(FutureTask.java:317)
at java.base/java.util.concurrent.ThreadPoolExecutor.runWorker(ThreadPoolExecutor.java:1144)
at java.base/java.util.concurrent.ThreadPoolExecutor$Worker.run(ThreadPoolExecutor.java:642)
at java.base/java.lang.Thread.run(Thread.java:1583)
]]>
            </full-stacktrace>
          </exception> <!-- java.lang.AssertionError -->
          <reporter-output>
          </reporter-output>
        </test-method> <!-- testInvalidLoginLandingPage -->
      </class> <!-- tests.ErrorValidationTest -->
    </test> <!-- LoginErrorValidation -->
    <test started-at="2025-01-19T14:01:27 EET" name="LogOutTest" finished-at="2025-01-19T14:01:45 EET" duration-ms="18115">
      <class name="tests.LogOutTest">
        <test-method is-config="true" signature="setupEnvironment()[pri:0, instance:tests.LogOutTest@325f7fa9]" started-at="2025-01-19T14:01:27 EET" name="setupEnvironment" description="Sets up the environment for Allure reporting." finished-at="2025-01-19T14:01:27 EET" duration-ms="49" status="PASS">
          <reporter-output>
          </reporter-output>
        </test-method> <!-- setupEnvironment -->
        <test-method is-config="true" signature="initialize()[pri:0, instance:tests.LogOutTest@325f7fa9]" started-at="2025-01-19T14:01:27 EET" name="initialize" description="Sets up the browser instance for each test." finished-at="2025-01-19T14:01:33 EET" duration-ms="5833" status="PASS">
          <reporter-output>
          </reporter-output>
        </test-method> <!-- initialize -->
        <test-method is-config="true" signature="setUp()[pri:0, instance:tests.LogOutTest@325f7fa9]" started-at="2025-01-19T14:01:33 EET" name="setUp" description="Sets up the test environment by initializing configurations, launching the browser, and navigating to the base URL." finished-at="2025-01-19T14:01:35 EET" duration-ms="2179" status="PASS">
          <reporter-output>
          </reporter-output>
        </test-method> <!-- setUp -->
        <test-method signature="testLoginLandingPage(data.LoginLandingPageData)[pri:0, instance:tests.LogOutTest@325f7fa9]" started-at="2025-01-19T14:01:35 EET" name="testLoginLandingPage" description="verify log out procedures" data-provider="getLandingPageData" finished-at="2025-01-19T14:01:38 EET" duration-ms="2431" status="PASS">
          <params>
            <param index="0">
              <value>
                <![CDATA[data.LoginLandingPageData@5c3a2101]]>
              </value>
            </param>
          </params>
          <reporter-output>
          </reporter-output>
        </test-method> <!-- testLoginLandingPage -->
        <test-method is-config="true" signature="setUp()[pri:0, instance:tests.LogOutTest@325f7fa9]" started-at="2025-01-19T14:01:38 EET" name="setUp" description="Sets up the test environment by initializing configurations, launching the browser, and navigating to the base URL." finished-at="2025-01-19T14:01:38 EET" duration-ms="959" status="PASS">
          <reporter-output>
          </reporter-output>
        </test-method> <!-- setUp -->
        <test-method signature="testLoginLandingPage(data.LoginLandingPageData)[pri:0, instance:tests.LogOutTest@325f7fa9]" started-at="2025-01-19T14:01:38 EET" name="testLoginLandingPage" description="verify log out procedures" data-provider="getLandingPageData" finished-at="2025-01-19T14:01:43 EET" duration-ms="4809" status="PASS">
          <params>
            <param index="0">
              <value>
                <![CDATA[data.LoginLandingPageData@7c4ed960]]>
              </value>
            </param>
          </params>
          <reporter-output>
          </reporter-output>
        </test-method> <!-- testLoginLandingPage -->
        <test-method is-config="true" signature="setUp()[pri:0, instance:tests.LogOutTest@325f7fa9]" started-at="2025-01-19T14:01:43 EET" name="setUp" description="Sets up the test environment by initializing configurations, launching the browser, and navigating to the base URL." finished-at="2025-01-19T14:01:43 EET" duration-ms="137" status="PASS">
          <reporter-output>
          </reporter-output>
        </test-method> <!-- setUp -->
        <test-method signature="testLoginLandingPage(data.LoginLandingPageData)[pri:0, instance:tests.LogOutTest@325f7fa9]" started-at="2025-01-19T14:01:43 EET" name="testLoginLandingPage" description="verify log out procedures" data-provider="getLandingPageData" finished-at="2025-01-19T14:01:45 EET" duration-ms="1665" status="PASS">
          <params>
            <param index="0">
              <value>
                <![CDATA[data.LoginLandingPageData@6d71b203]]>
              </value>
            </param>
          </params>
          <reporter-output>
          </reporter-output>
        </test-method> <!-- testLoginLandingPage -->
      </class> <!-- tests.LogOutTest -->
    </test> <!-- LogOutTest -->
    <test started-at="2025-01-19T14:01:27 EET" name="PriceLowtoHighTest" finished-at="2025-01-19T14:01:47 EET" duration-ms="19919">
      <class name="tests.PriceLowtoHighTest">
        <test-method is-config="true" signature="initialize()[pri:0, instance:tests.PriceLowtoHighTest@15fc442]" started-at="2025-01-19T14:01:27 EET" name="initialize" description="Sets up the browser instance for each test." finished-at="2025-01-19T14:01:33 EET" duration-ms="5834" status="PASS">
          <reporter-output>
          </reporter-output>
        </test-method> <!-- initialize -->
        <test-method is-config="true" signature="setup()[pri:0, instance:tests.PriceLowtoHighTest@15fc442]" started-at="2025-01-19T14:01:33 EET" name="setup" finished-at="2025-01-19T14:01:33 EET" duration-ms="11" status="PASS">
          <reporter-output>
          </reporter-output>
        </test-method> <!-- setup -->
        <test-method signature="verifyPriceLowToHighSorting(data.LoginLandingPageData)[pri:0, instance:tests.PriceLowtoHighTest@15fc442]" started-at="2025-01-19T14:01:33 EET" name="verifyPriceLowToHighSorting" data-provider="getLandingPageData" finished-at="2025-01-19T14:01:40 EET" duration-ms="7125" status="PASS">
          <params>
            <param index="0">
              <value>
                <![CDATA[data.LoginLandingPageData@fd832f7]]>
              </value>
            </param>
          </params>
          <reporter-output>
          </reporter-output>
        </test-method> <!-- verifyPriceLowToHighSorting -->
        <test-method is-config="true" signature="setup()[pri:0, instance:tests.PriceLowtoHighTest@15fc442]" started-at="2025-01-19T14:01:40 EET" name="setup" finished-at="2025-01-19T14:01:40 EET" duration-ms="4" status="PASS">
          <reporter-output>
          </reporter-output>
        </test-method> <!-- setup -->
        <test-method signature="verifyPriceLowToHighSorting(data.LoginLandingPageData)[pri:0, instance:tests.PriceLowtoHighTest@15fc442]" started-at="2025-01-19T14:01:40 EET" name="verifyPriceLowToHighSorting" data-provider="getLandingPageData" finished-at="2025-01-19T14:01:44 EET" duration-ms="4160" status="PASS">
          <params>
            <param index="0">
              <value>
                <![CDATA[data.LoginLandingPageData@6ab272d9]]>
              </value>
            </param>
          </params>
          <reporter-output>
          </reporter-output>
        </test-method> <!-- verifyPriceLowToHighSorting -->
        <test-method is-config="true" signature="setup()[pri:0, instance:tests.PriceLowtoHighTest@15fc442]" started-at="2025-01-19T14:01:44 EET" name="setup" finished-at="2025-01-19T14:01:44 EET" duration-ms="4" status="PASS">
          <reporter-output>
          </reporter-output>
        </test-method> <!-- setup -->
        <test-method signature="verifyPriceLowToHighSorting(data.LoginLandingPageData)[pri:0, instance:tests.PriceLowtoHighTest@15fc442]" started-at="2025-01-19T14:01:44 EET" name="verifyPriceLowToHighSorting" data-provider="getLandingPageData" finished-at="2025-01-19T14:01:47 EET" duration-ms="2521" status="PASS">
          <params>
            <param index="0">
              <value>
                <![CDATA[data.LoginLandingPageData@5b81eb13]]>
              </value>
            </param>
          </params>
          <reporter-output>
          </reporter-output>
        </test-method> <!-- verifyPriceLowToHighSorting -->
      </class> <!-- tests.PriceLowtoHighTest -->
    </test> <!-- PriceLowtoHighTest -->
    <test started-at="2025-01-19T14:01:27 EET" name="RemoveFromCartTest" finished-at="2025-01-19T14:01:48 EET" duration-ms="20785">
      <class name="tests.RemoveFromCartTest">
        <test-method is-config="true" signature="initialize()[pri:0, instance:tests.RemoveFromCartTest@2e16b08d]" started-at="2025-01-19T14:01:27 EET" name="initialize" description="Sets up the browser instance for each test." finished-at="2025-01-19T14:01:33 EET" duration-ms="5833" status="PASS">
          <reporter-output>
          </reporter-output>
        </test-method> <!-- initialize -->
        <test-method is-config="true" signature="setup()[pri:0, instance:tests.RemoveFromCartTest@2e16b08d]" started-at="2025-01-19T14:01:33 EET" name="setup" finished-at="2025-01-19T14:01:33 EET" duration-ms="14" status="PASS">
          <reporter-output>
          </reporter-output>
        </test-method> <!-- setup -->
        <test-method signature="testRemoveFromCart(data.LoginLandingPageData)[pri:0, instance:tests.RemoveFromCartTest@2e16b08d]" started-at="2025-01-19T14:01:33 EET" name="testRemoveFromCart" data-provider="getLandingPageData" finished-at="2025-01-19T14:01:43 EET" duration-ms="10022" status="PASS">
          <params>
            <param index="0">
              <value>
                <![CDATA[data.LoginLandingPageData@69dbad3c]]>
              </value>
            </param>
          </params>
          <reporter-output>
          </reporter-output>
        </test-method> <!-- testRemoveFromCart -->
        <test-method is-config="true" signature="setup()[pri:0, instance:tests.RemoveFromCartTest@2e16b08d]" started-at="2025-01-19T14:01:43 EET" name="setup" finished-at="2025-01-19T14:01:43 EET" duration-ms="5" status="PASS">
          <reporter-output>
          </reporter-output>
        </test-method> <!-- setup -->
        <test-method signature="testRemoveFromCart(data.LoginLandingPageData)[pri:0, instance:tests.RemoveFromCartTest@2e16b08d]" started-at="2025-01-19T14:01:43 EET" name="testRemoveFromCart" data-provider="getLandingPageData" finished-at="2025-01-19T14:01:46 EET" duration-ms="2550" status="PASS">
          <params>
            <param index="0">
              <value>
                <![CDATA[data.LoginLandingPageData@3f8a13b8]]>
              </value>
            </param>
          </params>
          <reporter-output>
          </reporter-output>
        </test-method> <!-- testRemoveFromCart -->
        <test-method is-config="true" signature="setup()[pri:0, instance:tests.RemoveFromCartTest@2e16b08d]" started-at="2025-01-19T14:01:46 EET" name="setup" finished-at="2025-01-19T14:01:46 EET" duration-ms="4" status="PASS">
          <reporter-output>
          </reporter-output>
        </test-method> <!-- setup -->
        <test-method signature="testRemoveFromCart(data.LoginLandingPageData)[pri:0, instance:tests.RemoveFromCartTest@2e16b08d]" started-at="2025-01-19T14:01:46 EET" name="testRemoveFromCart" data-provider="getLandingPageData" finished-at="2025-01-19T14:01:48 EET" duration-ms="2104" status="PASS">
          <params>
            <param index="0">
              <value>
                <![CDATA[data.LoginLandingPageData@6b315aad]]>
              </value>
            </param>
          </params>
          <reporter-output>
          </reporter-output>
        </test-method> <!-- testRemoveFromCart -->
      </class> <!-- tests.RemoveFromCartTest -->
    </test> <!-- RemoveFromCartTest -->
    <test started-at="2025-01-19T14:01:27 EET" name="SubmitOrderTest" finished-at="2025-01-19T14:01:50 EET" duration-ms="23035">
      <class name="tests.SubmitOrderTest">
        <test-method is-config="true" signature="initialize()[pri:0, instance:tests.SubmitOrderTest@b2c5e07]" started-at="2025-01-19T14:01:27 EET" name="initialize" description="Sets up the browser instance for each test." finished-at="2025-01-19T14:01:33 EET" duration-ms="5834" status="PASS">
          <reporter-output>
          </reporter-output>
        </test-method> <!-- initialize -->
        <test-method is-config="true" signature="setup()[pri:0, instance:tests.SubmitOrderTest@b2c5e07]" started-at="2025-01-19T14:01:33 EET" name="setup" finished-at="2025-01-19T14:01:34 EET" duration-ms="1364" status="PASS">
          <reporter-output>
          </reporter-output>
        </test-method> <!-- setup -->
        <test-method signature="submitOrderTest(java.lang.String,java.lang.String,java.lang.String,java.lang.String,java.lang.String)[pri:0, instance:tests.SubmitOrderTest@b2c5e07]" started-at="2025-01-19T14:01:34 EET" name="submitOrderTest" description="End To End Testing, adding products to the cart, completing the checkout process, filling shipping information, and verifying order confirmation." data-provider="getSubmitOrderData" finished-at="2025-01-19T14:01:45 EET" duration-ms="10396" status="PASS">
          <params>
            <param index="0">
              <value>
                <![CDATA[standard_user]]>
              </value>
            </param>
            <param index="1">
              <value>
                <![CDATA[secret_sauce]]>
              </value>
            </param>
            <param index="2">
              <value>
                <![CDATA[Mahmoud]]>
              </value>
            </param>
            <param index="3">
              <value>
                <![CDATA[Goma]]>
              </value>
            </param>
            <param index="4">
              <value>
                <![CDATA[925]]>
              </value>
            </param>
          </params>
          <reporter-output>
          </reporter-output>
        </test-method> <!-- submitOrderTest -->
        <test-method is-config="true" signature="setup()[pri:0, instance:tests.SubmitOrderTest@b2c5e07]" started-at="2025-01-19T14:01:45 EET" name="setup" finished-at="2025-01-19T14:01:45 EET" duration-ms="123" status="PASS">
          <reporter-output>
          </reporter-output>
        </test-method> <!-- setup -->
        <test-method signature="submitOrderTest(java.lang.String,java.lang.String,java.lang.String,java.lang.String,java.lang.String)[pri:0, instance:tests.SubmitOrderTest@b2c5e07]" started-at="2025-01-19T14:01:45 EET" name="submitOrderTest" description="End To End Testing, adding products to the cart, completing the checkout process, filling shipping information, and verifying order confirmation." data-provider="getSubmitOrderData" finished-at="2025-01-19T14:01:48 EET" duration-ms="3477" status="PASS">
          <params>
            <param index="0">
              <value>
                <![CDATA[standard_user]]>
              </value>
            </param>
            <param index="1">
              <value>
                <![CDATA[secret_sauce]]>
              </value>
            </param>
            <param index="2">
              <value>
                <![CDATA[Mueller]]>
              </value>
            </param>
            <param index="3">
              <value>
                <![CDATA[Mattius]]>
              </value>
            </param>
            <param index="4">
              <value>
                <![CDATA[15234]]>
              </value>
            </param>
          </params>
          <reporter-output>
          </reporter-output>
        </test-method> <!-- submitOrderTest -->
        <test-method is-config="true" signature="setup()[pri:0, instance:tests.SubmitOrderTest@b2c5e07]" started-at="2025-01-19T14:01:48 EET" name="setup" finished-at="2025-01-19T14:01:48 EET" duration-ms="168" status="PASS">
          <reporter-output>
          </reporter-output>
        </test-method> <!-- setup -->
        <test-method signature="submitOrderTest(java.lang.String,java.lang.String,java.lang.String,java.lang.String,java.lang.String)[pri:0, instance:tests.SubmitOrderTest@b2c5e07]" started-at="2025-01-19T14:01:48 EET" name="submitOrderTest" description="End To End Testing, adding products to the cart, completing the checkout process, filling shipping information, and verifying order confirmation." data-provider="getSubmitOrderData" finished-at="2025-01-19T14:01:50 EET" duration-ms="1593" status="PASS">
          <params>
            <param index="0">
              <value>
                <![CDATA[standard_user]]>
              </value>
            </param>
            <param index="1">
              <value>
                <![CDATA[secret_sauce]]>
              </value>
            </param>
            <param index="2">
              <value>
                <![CDATA[John]]>
              </value>
            </param>
            <param index="3">
              <value>
                <![CDATA[Dohn]]>
              </value>
            </param>
            <param index="4">
              <value>
                <![CDATA[1153]]>
              </value>
            </param>
          </params>
          <reporter-output>
          </reporter-output>
        </test-method> <!-- submitOrderTest -->
      </class> <!-- tests.SubmitOrderTest -->
    </test> <!-- SubmitOrderTest -->
  </suite> <!-- RegressionTest -->
</testng-results>
